Job ID: 101317
Host: orcaga15
Project: /home/milesc/bp-rez
Conda environment: bp-reservoir
PyTorch: 2.13.0+cu130
CUDA available: True
GPU: NVIDIA A30
[reservoir] seed=0 device=cuda
    phase=1 step=250 horizon=20 train_mse=3.07717 validation_mse=3.13203
    phase=1 step=500 horizon=20 train_mse=1.29715 validation_mse=1.25957
    phase=1 step=750 horizon=20 train_mse=0.81385 validation_mse=0.80104
    phase=1 step=1000 horizon=20 train_mse=0.567611 validation_mse=0.585621
    phase=1 step=1250 horizon=20 train_mse=0.477398 validation_mse=0.433179
    phase=1 step=1500 horizon=20 train_mse=0.324206 validation_mse=0.324433
    phase=1 step=1750 horizon=20 train_mse=0.292402 validation_mse=0.249163
    phase=1 step=2000 horizon=20 train_mse=0.189604 validation_mse=0.204271
    phase=1 step=2250 horizon=20 train_mse=0.163281 validation_mse=0.177046
    phase=1 step=2500 horizon=20 train_mse=0.137144 validation_mse=0.156048
    phase=1 step=2750 horizon=20 train_mse=0.10793 validation_mse=0.13838
    phase=1 step=3000 horizon=20 train_mse=0.102374 validation_mse=0.122346
    phase=1 step=3250 horizon=20 train_mse=0.1113 validation_mse=0.109587
    phase=1 step=3500 horizon=20 train_mse=0.0875205 validation_mse=0.0979339
    phase=1 step=3750 horizon=20 train_mse=0.0840724 validation_mse=0.0891352
    phase=1 step=4000 horizon=20 train_mse=0.0834666 validation_mse=0.0807648
    phase=1 step=4250 horizon=20 train_mse=0.0660935 validation_mse=0.0750096
    phase=1 step=4500 horizon=20 train_mse=0.0747285 validation_mse=0.0701772
    phase=1 step=4750 horizon=20 train_mse=0.0581915 validation_mse=0.0664017
    phase=1 step=5000 horizon=20 train_mse=0.0606358 validation_mse=0.0626945
    phase=1 step=5250 horizon=20 train_mse=0.0531393 validation_mse=0.0601397
    phase=1 step=5500 horizon=20 train_mse=0.0536563 validation_mse=0.0574727
    phase=1 step=5750 horizon=20 train_mse=0.0624616 validation_mse=0.0548668
    phase=1 step=6000 horizon=20 train_mse=0.0583796 validation_mse=0.0544866
    phase=1 step=6250 horizon=20 train_mse=0.0485306 validation_mse=0.0508898
    phase=1 step=6500 horizon=20 train_mse=0.0450662 validation_mse=0.0500387
    phase=1 step=6750 horizon=20 train_mse=0.0436785 validation_mse=0.0477408
    phase=1 step=7000 horizon=20 train_mse=0.040475 validation_mse=0.0467312
    phase=1 step=7250 horizon=20 train_mse=0.0458564 validation_mse=0.0451533
    phase=1 step=7500 horizon=20 train_mse=0.0411368 validation_mse=0.0442105
    phase=1 step=7750 horizon=20 train_mse=0.0400058 validation_mse=0.0433796
    phase=1 step=8000 horizon=20 train_mse=0.0482504 validation_mse=0.0420156
    phase=1 step=8250 horizon=20 train_mse=0.0413884 validation_mse=0.0410194
    phase=1 step=8500 horizon=20 train_mse=0.0436997 validation_mse=0.0402108
    phase=1 step=8750 horizon=20 train_mse=0.0446637 validation_mse=0.0396588
    phase=1 step=9000 horizon=20 train_mse=0.038899 validation_mse=0.0386165
    phase=1 step=9250 horizon=20 train_mse=0.0371845 validation_mse=0.0378233
    phase=1 step=9500 horizon=20 train_mse=0.0351254 validation_mse=0.03727
    phase=1 step=9750 horizon=20 train_mse=0.0352503 validation_mse=0.0374853
    phase=1 step=10000 horizon=20 train_mse=0.0381447 validation_mse=0.0360908
    phase=1 step=10250 horizon=20 train_mse=0.0392626 validation_mse=0.0356377
    phase=1 step=10500 horizon=20 train_mse=0.0338203 validation_mse=0.0352089
    phase=1 step=10750 horizon=20 train_mse=0.0406468 validation_mse=0.0347303
    phase=1 step=11000 horizon=20 train_mse=0.0311906 validation_mse=0.0343062
    phase=1 step=11250 horizon=20 train_mse=0.0361621 validation_mse=0.0340058
    phase=1 step=11500 horizon=20 train_mse=0.0307519 validation_mse=0.033457
    phase=1 step=11750 horizon=20 train_mse=0.0351309 validation_mse=0.0337999
    phase=1 step=12000 horizon=20 train_mse=0.0324923 validation_mse=0.0327322
    phase=1 step=12250 horizon=20 train_mse=0.0366294 validation_mse=0.0326471
    phase=1 step=12500 horizon=20 train_mse=0.02789 validation_mse=0.0319875
    phase=1 step=12750 horizon=20 train_mse=0.0363347 validation_mse=0.0321608
    phase=1 step=13000 horizon=20 train_mse=0.0361072 validation_mse=0.0315939
    phase=1 step=13250 horizon=20 train_mse=0.0357562 validation_mse=0.0313982
    phase=1 step=13500 horizon=20 train_mse=0.0331556 validation_mse=0.0310506
    phase=1 step=13750 horizon=20 train_mse=0.0306679 validation_mse=0.0307571
    phase=1 step=14000 horizon=20 train_mse=0.0296283 validation_mse=0.0306997
    phase=1 step=14250 horizon=20 train_mse=0.0270157 validation_mse=0.0305246
    phase=1 step=14500 horizon=20 train_mse=0.0266707 validation_mse=0.0302763
    phase=1 step=14750 horizon=20 train_mse=0.029755 validation_mse=0.0300517
    phase=1 step=15000 horizon=20 train_mse=0.0290483 validation_mse=0.0299312
    phase=1 step=15250 horizon=20 train_mse=0.0270627 validation_mse=0.0297627
    phase=1 step=15500 horizon=20 train_mse=0.0312456 validation_mse=0.0299519
    phase=1 step=15750 horizon=20 train_mse=0.0302208 validation_mse=0.0293388
    phase=1 step=16000 horizon=20 train_mse=0.0286274 validation_mse=0.029297
    phase=1 step=16250 horizon=20 train_mse=0.0268417 validation_mse=0.0290169
    phase=1 step=16500 horizon=20 train_mse=0.0237524 validation_mse=0.0288301
    phase=1 step=16750 horizon=20 train_mse=0.0280576 validation_mse=0.0289223
    phase=1 step=17000 horizon=20 train_mse=0.0288292 validation_mse=0.0287116
    phase=1 step=17250 horizon=20 train_mse=0.0304634 validation_mse=0.0285394
    phase=1 step=17500 horizon=20 train_mse=0.0289196 validation_mse=0.0283552
    phase=1 step=17750 horizon=20 train_mse=0.0251157 validation_mse=0.0282341
    phase=1 step=18000 horizon=20 train_mse=0.0280047 validation_mse=0.0284599
    phase=1 step=18250 horizon=20 train_mse=0.0322315 validation_mse=0.0279466
    phase=1 step=18500 horizon=20 train_mse=0.0251652 validation_mse=0.0278502
    phase=1 step=18750 horizon=20 train_mse=0.0300742 validation_mse=0.028038
    phase=1 step=19000 horizon=20 train_mse=0.0264608 validation_mse=0.0277793
    phase=1 step=19250 horizon=20 train_mse=0.0240345 validation_mse=0.0276279
    phase=1 step=19500 horizon=20 train_mse=0.0249306 validation_mse=0.0274337
    phase=1 step=19750 horizon=20 train_mse=0.0260374 validation_mse=0.0273933
    phase=1 step=20000 horizon=20 train_mse=0.0270707 validation_mse=0.027382
    phase=2 step=20250 horizon=20 train_mse=0.0259166 validation_mse=0.0271775
    phase=2 step=20500 horizon=20 train_mse=0.0288836 validation_mse=0.0270017
    phase=2 step=20750 horizon=20 train_mse=0.0284039 validation_mse=0.026934
    phase=2 step=21000 horizon=20 train_mse=0.0245675 validation_mse=0.0268439
    phase=2 step=21250 horizon=20 train_mse=0.026396 validation_mse=0.0266928
    phase=2 step=21500 horizon=20 train_mse=0.0259996 validation_mse=0.0265606
    phase=2 step=21750 horizon=20 train_mse=0.0248082 validation_mse=0.0265431
    phase=2 step=22000 horizon=20 train_mse=0.0249703 validation_mse=0.0263937
    phase=2 step=22250 horizon=20 train_mse=0.0265307 validation_mse=0.0264034
    phase=2 step=22500 horizon=20 train_mse=0.027081 validation_mse=0.0261468
    phase=2 step=22750 horizon=20 train_mse=0.0255562 validation_mse=0.0261021
    phase=2 step=23000 horizon=20 train_mse=0.025133 validation_mse=0.026041
    phase=2 step=23250 horizon=20 train_mse=0.0254854 validation_mse=0.0260225
    phase=2 step=23500 horizon=20 train_mse=0.0235483 validation_mse=0.0259477
    phase=2 step=23750 horizon=20 train_mse=0.0264467 validation_mse=0.0257733
    phase=2 step=24000 horizon=20 train_mse=0.0241038 validation_mse=0.0256266
    phase=2 step=24250 horizon=20 train_mse=0.0237439 validation_mse=0.0255292
    phase=2 step=24500 horizon=20 train_mse=0.0253925 validation_mse=0.0254453
    phase=2 step=24750 horizon=20 train_mse=0.0258934 validation_mse=0.0254383
    phase=2 step=25000 horizon=20 train_mse=0.0253237 validation_mse=0.0254147
    phase=3 step=25250 horizon=50 train_mse=0.0931719 validation_mse=0.0970469
    phase=3 step=25500 horizon=50 train_mse=0.0916564 validation_mse=0.0940595
    phase=3 step=25750 horizon=50 train_mse=0.0869679 validation_mse=0.0926073
    phase=3 step=26000 horizon=50 train_mse=0.0884955 validation_mse=0.0913753
    phase=3 step=26250 horizon=50 train_mse=0.0903514 validation_mse=0.0906726
    phase=3 step=26500 horizon=50 train_mse=0.0887503 validation_mse=0.0899318
    phase=3 step=26750 horizon=50 train_mse=0.0877966 validation_mse=0.0894503
    phase=3 step=27000 horizon=50 train_mse=0.0868498 validation_mse=0.0889063
    phase=3 step=27250 horizon=50 train_mse=0.0883706 validation_mse=0.088541
    phase=3 step=27500 horizon=50 train_mse=0.0890867 validation_mse=0.0881527
    phase=3 step=27750 horizon=50 train_mse=0.0807418 validation_mse=0.0875083
    phase=3 step=28000 horizon=50 train_mse=0.0835577 validation_mse=0.0870423
    phase=3 step=28250 horizon=50 train_mse=0.0842005 validation_mse=0.0867371
    phase=3 step=28500 horizon=50 train_mse=0.0829328 validation_mse=0.086519
    phase=3 step=28750 horizon=50 train_mse=0.083985 validation_mse=0.08633
    phase=3 step=29000 horizon=50 train_mse=0.0806978 validation_mse=0.0858265
    phase=3 step=29250 horizon=50 train_mse=0.0817857 validation_mse=0.085601
    phase=3 step=29500 horizon=50 train_mse=0.088892 validation_mse=0.0853499
    phase=3 step=29750 horizon=50 train_mse=0.0834516 validation_mse=0.0854264
    phase=3 step=30000 horizon=50 train_mse=0.0817176 validation_mse=0.0848603
    phase=4 step=30250 horizon=50 train_mse=0.0818393 validation_mse=0.0848059
    phase=4 step=30500 horizon=50 train_mse=0.0807046 validation_mse=0.0847837
    phase=4 step=30750 horizon=50 train_mse=0.080439 validation_mse=0.0847383
    phase=4 step=31000 horizon=50 train_mse=0.0821831 validation_mse=0.0847228
    phase=4 step=31250 horizon=50 train_mse=0.0824357 validation_mse=0.0846856
    phase=4 step=31500 horizon=50 train_mse=0.0827057 validation_mse=0.0846301
    phase=4 step=31750 horizon=50 train_mse=0.0782387 validation_mse=0.0846303
    phase=4 step=32000 horizon=50 train_mse=0.0818886 validation_mse=0.0845566
    phase=4 step=32250 horizon=50 train_mse=0.0834626 validation_mse=0.0845276
    phase=4 step=32500 horizon=50 train_mse=0.0812325 validation_mse=0.0845137
    phase=4 step=32750 horizon=50 train_mse=0.0824593 validation_mse=0.0844529
    phase=4 step=33000 horizon=50 train_mse=0.0816231 validation_mse=0.0843689
    phase=5 step=33250 horizon=50 train_mse=0.0812811 validation_mse=0.0843571
    phase=5 step=33500 horizon=50 train_mse=0.0815197 validation_mse=0.084291
    phase=5 step=33750 horizon=50 train_mse=0.0804731 validation_mse=0.0842337
    phase=5 step=34000 horizon=50 train_mse=0.0810146 validation_mse=0.0842427
    phase=5 step=34250 horizon=50 train_mse=0.0824096 validation_mse=0.0841549
    phase=5 step=34500 horizon=50 train_mse=0.0837809 validation_mse=0.0841074
    phase=5 step=34750 horizon=50 train_mse=0.0791868 validation_mse=0.0840444
    phase=5 step=35000 horizon=50 train_mse=0.0800877 validation_mse=0.0840039
    phase=5 step=35250 horizon=50 train_mse=0.0817218 validation_mse=0.0839445
    phase=5 step=35500 horizon=50 train_mse=0.084682 validation_mse=0.083929
    phase=5 step=35750 horizon=50 train_mse=0.0796933 validation_mse=0.0838871
    phase=5 step=36000 horizon=50 train_mse=0.0806327 validation_mse=0.0838688
    phase=5 step=36250 horizon=50 train_mse=0.0816874 validation_mse=0.0837709
    phase=5 step=36500 horizon=50 train_mse=0.0812835 validation_mse=0.0837396
    phase=5 step=36750 horizon=50 train_mse=0.0794723 validation_mse=0.0836848
    phase=5 step=37000 horizon=50 train_mse=0.0813597 validation_mse=0.083686
    phase=5 step=37250 horizon=50 train_mse=0.0822015 validation_mse=0.0836411
    phase=5 step=37500 horizon=50 train_mse=0.0802473 validation_mse=0.0835652
    phase=5 step=37750 horizon=50 train_mse=0.0822671 validation_mse=0.083514
    phase=5 step=38000 horizon=50 train_mse=0.0828158 validation_mse=0.0834639
    phase=5 step=38250 horizon=50 train_mse=0.0803377 validation_mse=0.0834239
    phase=5 step=38500 horizon=50 train_mse=0.0794084 validation_mse=0.0834202
    phase=5 step=38750 horizon=50 train_mse=0.0843446 validation_mse=0.0833445
    phase=5 step=39000 horizon=50 train_mse=0.081627 validation_mse=0.0833493
    phase=5 step=39250 horizon=50 train_mse=0.08008 validation_mse=0.0832697
    phase=5 step=39500 horizon=50 train_mse=0.0797643 validation_mse=0.0832274
    phase=5 step=39750 horizon=50 train_mse=0.0821794 validation_mse=0.0831865
    phase=5 step=40000 horizon=50 train_mse=0.0819015 validation_mse=0.0832008
    phase=5 step=40250 horizon=50 train_mse=0.0833013 validation_mse=0.0831733
    phase=5 step=40500 horizon=50 train_mse=0.0825873 validation_mse=0.0830995
    phase=5 step=40750 horizon=50 train_mse=0.0790479 validation_mse=0.0830251
    phase=5 step=41000 horizon=50 train_mse=0.0822016 validation_mse=0.0829926
    phase=5 step=41250 horizon=50 train_mse=0.0761805 validation_mse=0.0829872
    phase=5 step=41500 horizon=50 train_mse=0.0807703 validation_mse=0.0829097
    phase=5 step=41750 horizon=50 train_mse=0.0813115 validation_mse=0.0829165
    phase=5 step=42000 horizon=50 train_mse=0.0774566 validation_mse=0.0828399
    phase=5 step=42250 horizon=50 train_mse=0.0796376 validation_mse=0.0828052
    phase=5 step=42500 horizon=50 train_mse=0.0816971 validation_mse=0.0827916
    phase=5 step=42750 horizon=50 train_mse=0.0804354 validation_mse=0.0827292
    phase=5 step=43000 horizon=50 train_mse=0.0804412 validation_mse=0.0827201
    phase=5 step=43250 horizon=50 train_mse=0.0808536 validation_mse=0.0826997
    phase=5 step=43500 horizon=50 train_mse=0.0790965 validation_mse=0.0826555
    phase=5 step=43750 horizon=50 train_mse=0.0798 validation_mse=0.0826252
    phase=5 step=44000 horizon=50 train_mse=0.0789904 validation_mse=0.0825784
    phase=5 step=44250 horizon=50 train_mse=0.0759448 validation_mse=0.0825449
    phase=5 step=44500 horizon=50 train_mse=0.0791125 validation_mse=0.0824999
    phase=5 step=44750 horizon=50 train_mse=0.0803969 validation_mse=0.0824891
    phase=5 step=45000 horizon=50 train_mse=0.0805846 validation_mse=0.082407
    phase=5 step=45250 horizon=50 train_mse=0.0779948 validation_mse=0.0824123
    phase=5 step=45500 horizon=50 train_mse=0.0788635 validation_mse=0.0823683
    phase=5 step=45750 horizon=50 train_mse=0.0787331 validation_mse=0.0823175
    phase=5 step=46000 horizon=50 train_mse=0.0814542 validation_mse=0.0823096
    phase=5 step=46250 horizon=50 train_mse=0.0789523 validation_mse=0.0822728
    phase=5 step=46500 horizon=50 train_mse=0.0793007 validation_mse=0.0822595
    phase=5 step=46750 horizon=50 train_mse=0.0778895 validation_mse=0.0821845
    phase=5 step=47000 horizon=50 train_mse=0.0811053 validation_mse=0.0821567
    phase=5 step=47250 horizon=50 train_mse=0.0815487 validation_mse=0.0821303
    phase=5 step=47500 horizon=50 train_mse=0.0822615 validation_mse=0.0820932
    phase=5 step=47750 horizon=50 train_mse=0.0800586 validation_mse=0.0821119
    phase=5 step=48000 horizon=50 train_mse=0.0806595 validation_mse=0.0820244
    phase=5 step=48250 horizon=50 train_mse=0.0787239 validation_mse=0.082059
    phase=5 step=48500 horizon=50 train_mse=0.0789144 validation_mse=0.0819653
    phase=5 step=48750 horizon=50 train_mse=0.080035 validation_mse=0.0819272
    phase=5 step=49000 horizon=50 train_mse=0.0817681 validation_mse=0.0818974
    phase=5 step=49250 horizon=50 train_mse=0.0794099 validation_mse=0.0818593
    phase=5 step=49500 horizon=50 train_mse=0.0799705 validation_mse=0.0818369
    phase=5 step=49750 horizon=50 train_mse=0.0773472 validation_mse=0.0818065
    phase=5 step=50000 horizon=50 train_mse=0.0793028 validation_mse=0.0817952
    phase=5 step=50250 horizon=50 train_mse=0.0799647 validation_mse=0.0818228
    phase=5 step=50500 horizon=50 train_mse=0.0802812 validation_mse=0.0817265
    phase=5 step=50750 horizon=50 train_mse=0.08051 validation_mse=0.0817007
    phase=5 step=51000 horizon=50 train_mse=0.0794242 validation_mse=0.0816501
    phase=5 step=51250 horizon=50 train_mse=0.0804143 validation_mse=0.0816258
    phase=5 step=51500 horizon=50 train_mse=0.0814508 validation_mse=0.0815969
    phase=5 step=51750 horizon=50 train_mse=0.0793093 validation_mse=0.0816057
    phase=5 step=52000 horizon=50 train_mse=0.0782871 validation_mse=0.0815558
    phase=5 step=52250 horizon=50 train_mse=0.0800312 validation_mse=0.0815885
    phase=5 step=52500 horizon=50 train_mse=0.0786407 validation_mse=0.0814784
    phase=5 step=52750 horizon=50 train_mse=0.0783371 validation_mse=0.0814421
    phase=5 step=53000 horizon=50 train_mse=0.0813525 validation_mse=0.0814216
    phase=5 step=53250 horizon=50 train_mse=0.0798626 validation_mse=0.0814262
    phase=5 step=53500 horizon=50 train_mse=0.078713 validation_mse=0.0813592
    phase=5 step=53750 horizon=50 train_mse=0.078253 validation_mse=0.0813587
    phase=5 step=54000 horizon=50 train_mse=0.0795106 validation_mse=0.0813426
    phase=5 step=54250 horizon=50 train_mse=0.0761919 validation_mse=0.0813236
    phase=5 step=54500 horizon=50 train_mse=0.0791055 validation_mse=0.0812921
    phase=5 step=54750 horizon=50 train_mse=0.0796653 validation_mse=0.0812432
    phase=5 step=55000 horizon=50 train_mse=0.0783417 validation_mse=0.0812203
    phase=5 step=55250 horizon=50 train_mse=0.077565 validation_mse=0.081179
    phase=5 step=55500 horizon=50 train_mse=0.079145 validation_mse=0.0811556
    phase=5 step=55750 horizon=50 train_mse=0.0788093 validation_mse=0.0811092
    phase=5 step=56000 horizon=50 train_mse=0.0803582 validation_mse=0.0811319
    phase=5 step=56250 horizon=50 train_mse=0.0783302 validation_mse=0.0810931
    phase=5 step=56500 horizon=50 train_mse=0.0798323 validation_mse=0.0810368
    phase=5 step=56750 horizon=50 train_mse=0.0800969 validation_mse=0.0810177
    phase=5 step=57000 horizon=50 train_mse=0.0792486 validation_mse=0.080988
    phase=5 step=57250 horizon=50 train_mse=0.0787006 validation_mse=0.0809568
    phase=5 step=57500 horizon=50 train_mse=0.0787247 validation_mse=0.0809461
    phase=5 step=57750 horizon=50 train_mse=0.077895 validation_mse=0.0808958
    phase=5 step=58000 horizon=50 train_mse=0.0781358 validation_mse=0.0808841
    phase=5 step=58250 horizon=50 train_mse=0.0808387 validation_mse=0.0808474
    phase=5 step=58500 horizon=50 train_mse=0.0783299 validation_mse=0.0808184
    phase=5 step=58750 horizon=50 train_mse=0.0798481 validation_mse=0.0808172
    phase=5 step=59000 horizon=50 train_mse=0.0775803 validation_mse=0.0808288
    phase=5 step=59250 horizon=50 train_mse=0.0781193 validation_mse=0.0807525
    phase=5 step=59500 horizon=50 train_mse=0.0771754 validation_mse=0.0807376
    phase=5 step=59750 horizon=50 train_mse=0.0785669 validation_mse=0.0807081
    phase=5 step=60000 horizon=50 train_mse=0.080416 validation_mse=0.0806886
  test RMSE/(2pi)=4.5058% helio->latent R2=0.9792 latent->helio R2=0.9841
[scinet] seed=0 device=cuda
    phase=1 step=250 horizon=20 train_mse=3.54448 validation_mse=3.32364
    phase=1 step=500 horizon=20 train_mse=3.54699 validation_mse=3.31623
    phase=1 step=750 horizon=20 train_mse=3.47809 validation_mse=3.29591
    phase=1 step=1000 horizon=20 train_mse=3.32975 validation_mse=3.25073
    phase=1 step=1250 horizon=20 train_mse=3.44895 validation_mse=3.17556
    phase=1 step=1500 horizon=20 train_mse=3.15475 validation_mse=3.07048
    phase=1 step=1750 horizon=20 train_mse=3.19808 validation_mse=2.92495
    phase=1 step=2000 horizon=20 train_mse=2.85915 validation_mse=2.73384
    phase=1 step=2250 horizon=20 train_mse=2.81187 validation_mse=2.4867
    phase=1 step=2500 horizon=20 train_mse=2.29469 validation_mse=2.19957
    phase=1 step=2750 horizon=20 train_mse=2.08755 validation_mse=1.95345
    phase=1 step=3000 horizon=20 train_mse=2.22052 validation_mse=1.73819
    phase=1 step=3250 horizon=20 train_mse=1.80979 validation_mse=1.59493
    phase=1 step=3500 horizon=20 train_mse=1.65312 validation_mse=1.5065
    phase=1 step=3750 horizon=20 train_mse=1.60575 validation_mse=1.44349
    phase=1 step=4000 horizon=20 train_mse=1.45574 validation_mse=1.40105
    phase=1 step=4250 horizon=20 train_mse=1.42507 validation_mse=1.38213
    phase=1 step=4500 horizon=20 train_mse=1.7161 validation_mse=1.35747
    phase=1 step=4750 horizon=20 train_mse=1.44639 validation_mse=1.36021
    phase=1 step=5000 horizon=20 train_mse=1.56919 validation_mse=1.36255
    phase=1 step=5250 horizon=20 train_mse=1.43648 validation_mse=1.35313
    phase=1 step=5500 horizon=20 train_mse=1.37183 validation_mse=1.33478
    phase=1 step=5750 horizon=20 train_mse=1.65988 validation_mse=1.32964
    phase=1 step=6000 horizon=20 train_mse=1.28206 validation_mse=1.33735
    phase=1 step=6250 horizon=20 train_mse=1.39664 validation_mse=1.32922
    phase=1 step=6500 horizon=20 train_mse=1.42127 validation_mse=1.32675
    phase=1 step=6750 horizon=20 train_mse=1.57208 validation_mse=1.32812
    phase=1 step=7000 horizon=20 train_mse=1.49041 validation_mse=1.32462
    phase=1 step=7250 horizon=20 train_mse=1.50046 validation_mse=1.33205
    phase=1 step=7500 horizon=20 train_mse=1.45362 validation_mse=1.3306
    phase=1 step=7750 horizon=20 train_mse=1.42836 validation_mse=1.32975
    phase=1 step=8000 horizon=20 train_mse=1.46277 validation_mse=1.3241
    phase=1 step=8250 horizon=20 train_mse=1.36216 validation_mse=1.32309
    phase=1 step=8500 horizon=20 train_mse=1.31973 validation_mse=1.32337
    phase=1 step=8750 horizon=20 train_mse=1.58437 validation_mse=1.32761
    phase=1 step=9000 horizon=20 train_mse=1.39666 validation_mse=1.32306
    phase=1 step=9250 horizon=20 train_mse=1.33289 validation_mse=1.32258
    phase=1 step=9500 horizon=20 train_mse=1.49056 validation_mse=1.32618
    phase=1 step=9750 horizon=20 train_mse=1.35262 validation_mse=1.33622
    phase=1 step=10000 horizon=20 train_mse=1.57413 validation_mse=1.32422
    phase=1 step=10250 horizon=20 train_mse=1.60755 validation_mse=1.32196
    phase=1 step=10500 horizon=20 train_mse=1.34556 validation_mse=1.32342
    phase=1 step=10750 horizon=20 train_mse=1.53273 validation_mse=1.32812
    phase=1 step=11000 horizon=20 train_mse=1.3909 validation_mse=1.32763
    phase=1 step=11250 horizon=20 train_mse=1.33314 validation_mse=1.32328
    phase=1 step=11500 horizon=20 train_mse=1.38897 validation_mse=1.34364
    phase=1 step=11750 horizon=20 train_mse=1.3312 validation_mse=1.35569
    phase=1 step=12000 horizon=20 train_mse=1.62009 validation_mse=1.3234
    phase=1 step=12250 horizon=20 train_mse=1.52561 validation_mse=1.33293
    phase=1 step=12500 horizon=20 train_mse=1.31238 validation_mse=1.34304
    phase=1 step=12750 horizon=20 train_mse=1.53268 validation_mse=1.33783
    phase=1 step=13000 horizon=20 train_mse=1.37618 validation_mse=1.32484
    phase=1 step=13250 horizon=20 train_mse=1.62745 validation_mse=1.32116
    phase=1 step=13500 horizon=20 train_mse=1.50161 validation_mse=1.33634
    phase=1 step=13750 horizon=20 train_mse=1.51382 validation_mse=1.32785
    phase=1 step=14000 horizon=20 train_mse=1.40299 validation_mse=1.32043
    phase=1 step=14250 horizon=20 train_mse=1.21576 validation_mse=1.32925
    phase=1 step=14500 horizon=20 train_mse=1.26184 validation_mse=1.33213
    phase=1 step=14750 horizon=20 train_mse=1.49428 validation_mse=1.32491
    phase=1 step=15000 horizon=20 train_mse=1.26246 validation_mse=1.32777
    phase=1 step=15250 horizon=20 train_mse=1.46316 validation_mse=1.32035
    phase=1 step=15500 horizon=20 train_mse=1.36726 validation_mse=1.32918
    phase=1 step=15750 horizon=20 train_mse=1.34397 validation_mse=1.33986
    phase=1 step=16000 horizon=20 train_mse=1.32 validation_mse=1.32697
    phase=1 step=16250 horizon=20 train_mse=1.42557 validation_mse=1.32203
    phase=1 step=16500 horizon=20 train_mse=1.2647 validation_mse=1.32353
    phase=1 step=16750 horizon=20 train_mse=1.33862 validation_mse=1.32469
    phase=1 step=17000 horizon=20 train_mse=1.46965 validation_mse=1.33021
    phase=1 step=17250 horizon=20 train_mse=1.4538 validation_mse=1.32069
    phase=1 step=17500 horizon=20 train_mse=1.32466 validation_mse=1.32026
    phase=1 step=17750 horizon=20 train_mse=1.27854 validation_mse=1.32664
    phase=1 step=18000 horizon=20 train_mse=1.39006 validation_mse=1.32924
    phase=1 step=18250 horizon=20 train_mse=1.48885 validation_mse=1.32607
    phase=1 step=18500 horizon=20 train_mse=1.33475 validation_mse=1.32491
    phase=1 step=18750 horizon=20 train_mse=1.52491 validation_mse=1.31941
    phase=1 step=19000 horizon=20 train_mse=1.35196 validation_mse=1.32479
    phase=1 step=19250 horizon=20 train_mse=1.1287 validation_mse=1.32272
    phase=1 step=19500 horizon=20 train_mse=1.22144 validation_mse=1.32143
    phase=1 step=19750 horizon=20 train_mse=1.44899 validation_mse=1.34113
    phase=1 step=20000 horizon=20 train_mse=1.56301 validation_mse=1.32313
    phase=2 step=20250 horizon=20 train_mse=1.3928 validation_mse=1.32069
    phase=2 step=20500 horizon=20 train_mse=1.47055 validation_mse=1.32045
    phase=2 step=20750 horizon=20 train_mse=1.46764 validation_mse=1.32719
    phase=2 step=21000 horizon=20 train_mse=1.38239 validation_mse=1.32215
    phase=2 step=21250 horizon=20 train_mse=1.36712 validation_mse=1.32249
    phase=2 step=21500 horizon=20 train_mse=1.42776 validation_mse=1.32216
    phase=2 step=21750 horizon=20 train_mse=1.43463 validation_mse=1.32281
    phase=2 step=22000 horizon=20 train_mse=1.32165 validation_mse=1.32258
    phase=2 step=22250 horizon=20 train_mse=1.41606 validation_mse=1.32096
    phase=2 step=22500 horizon=20 train_mse=1.413 validation_mse=1.32029
    phase=2 step=22750 horizon=20 train_mse=1.27857 validation_mse=1.32194
    phase=2 step=23000 horizon=20 train_mse=1.42686 validation_mse=1.32176
    phase=2 step=23250 horizon=20 train_mse=1.34811 validation_mse=1.32057
    phase=2 step=23500 horizon=20 train_mse=1.28701 validation_mse=1.32339
    phase=2 step=23750 horizon=20 train_mse=1.41661 validation_mse=1.32475
    phase=2 step=24000 horizon=20 train_mse=1.39798 validation_mse=1.33148
    phase=2 step=24250 horizon=20 train_mse=1.4052 validation_mse=1.31993
    phase=2 step=24500 horizon=20 train_mse=1.37129 validation_mse=1.3233
    phase=2 step=24750 horizon=20 train_mse=1.38392 validation_mse=1.32146
    phase=2 step=25000 horizon=20 train_mse=1.44312 validation_mse=1.325
    phase=3 step=25250 horizon=50 train_mse=1.54188 validation_mse=1.44975
    phase=3 step=25500 horizon=50 train_mse=1.58886 validation_mse=1.43545
    phase=3 step=25750 horizon=50 train_mse=1.56268 validation_mse=1.44059
    phase=3 step=26000 horizon=50 train_mse=1.52727 validation_mse=1.43005
    phase=3 step=26250 horizon=50 train_mse=1.49403 validation_mse=1.42876
    phase=3 step=26500 horizon=50 train_mse=1.58979 validation_mse=1.4296
    phase=3 step=26750 horizon=50 train_mse=1.57293 validation_mse=1.42887
    phase=3 step=27000 horizon=50 train_mse=1.40118 validation_mse=1.44722
    phase=3 step=27250 horizon=50 train_mse=1.56576 validation_mse=1.42992
    phase=3 step=27500 horizon=50 train_mse=1.48692 validation_mse=1.42885
    phase=3 step=27750 horizon=50 train_mse=1.50239 validation_mse=1.42764
    phase=3 step=28000 horizon=50 train_mse=1.43754 validation_mse=1.4329
    phase=3 step=28250 horizon=50 train_mse=1.48314 validation_mse=1.42743
    phase=3 step=28500 horizon=50 train_mse=1.47304 validation_mse=1.42598
    phase=3 step=28750 horizon=50 train_mse=1.48045 validation_mse=1.42808
    phase=3 step=29000 horizon=50 train_mse=1.53076 validation_mse=1.42695
    phase=3 step=29250 horizon=50 train_mse=1.43348 validation_mse=1.43247
    phase=3 step=29500 horizon=50 train_mse=1.47862 validation_mse=1.43035
    phase=3 step=29750 horizon=50 train_mse=1.56239 validation_mse=1.43381
    phase=3 step=30000 horizon=50 train_mse=1.44774 validation_mse=1.42817
    phase=4 step=30250 horizon=50 train_mse=1.4782 validation_mse=1.40843
    phase=4 step=30500 horizon=50 train_mse=1.46315 validation_mse=1.40406
    phase=4 step=30750 horizon=50 train_mse=1.47963 validation_mse=1.40262
    phase=4 step=31000 horizon=50 train_mse=1.44798 validation_mse=1.40203
    phase=4 step=31250 horizon=50 train_mse=1.4269 validation_mse=1.40187
    phase=4 step=31500 horizon=50 train_mse=1.4182 validation_mse=1.40182
    phase=4 step=31750 horizon=50 train_mse=1.43975 validation_mse=1.4017
    phase=4 step=32000 horizon=50 train_mse=1.51009 validation_mse=1.40159
    phase=4 step=32250 horizon=50 train_mse=1.42575 validation_mse=1.40144
    phase=4 step=32500 horizon=50 train_mse=1.41795 validation_mse=1.40216
    phase=4 step=32750 horizon=50 train_mse=1.37903 validation_mse=1.40147
    phase=4 step=33000 horizon=50 train_mse=1.523 validation_mse=1.40127
    phase=5 step=33250 horizon=50 train_mse=1.43412 validation_mse=1.37093
    phase=5 step=33500 horizon=50 train_mse=1.38165 validation_mse=1.35567
    phase=5 step=33750 horizon=50 train_mse=1.40097 validation_mse=1.34679
    phase=5 step=34000 horizon=50 train_mse=1.34225 validation_mse=1.33933
    phase=5 step=34250 horizon=50 train_mse=1.3825 validation_mse=1.33432
    phase=5 step=34500 horizon=50 train_mse=1.41537 validation_mse=1.33037
    phase=5 step=34750 horizon=50 train_mse=1.39056 validation_mse=1.32832
    phase=5 step=35000 horizon=50 train_mse=1.34268 validation_mse=1.32424
    phase=5 step=35250 horizon=50 train_mse=1.26321 validation_mse=1.32241
    phase=5 step=35500 horizon=50 train_mse=1.3594 validation_mse=1.31996
    phase=5 step=35750 horizon=50 train_mse=1.30893 validation_mse=1.31794
    phase=5 step=36000 horizon=50 train_mse=1.35222 validation_mse=1.31629
    phase=5 step=36250 horizon=50 train_mse=1.34741 validation_mse=1.31511
    phase=5 step=36500 horizon=50 train_mse=1.34696 validation_mse=1.3143
    phase=5 step=36750 horizon=50 train_mse=1.35498 validation_mse=1.31268
    phase=5 step=37000 horizon=50 train_mse=1.21627 validation_mse=1.31165
    phase=5 step=37250 horizon=50 train_mse=1.30216 validation_mse=1.31099
    phase=5 step=37500 horizon=50 train_mse=1.30124 validation_mse=1.30971
    phase=5 step=37750 horizon=50 train_mse=1.37592 validation_mse=1.30912
    phase=5 step=38000 horizon=50 train_mse=1.32391 validation_mse=1.30809
    phase=5 step=38250 horizon=50 train_mse=1.37045 validation_mse=1.30786
    phase=5 step=38500 horizon=50 train_mse=1.27847 validation_mse=1.30725
    phase=5 step=38750 horizon=50 train_mse=1.32922 validation_mse=1.30643
    phase=5 step=39000 horizon=50 train_mse=1.36914 validation_mse=1.30573
    phase=5 step=39250 horizon=50 train_mse=1.41112 validation_mse=1.30513
    phase=5 step=39500 horizon=50 train_mse=1.39097 validation_mse=1.30447
    phase=5 step=39750 horizon=50 train_mse=1.3277 validation_mse=1.30409
    phase=5 step=40000 horizon=50 train_mse=1.34818 validation_mse=1.30356
    phase=5 step=40250 horizon=50 train_mse=1.32755 validation_mse=1.30297
    phase=5 step=40500 horizon=50 train_mse=1.34997 validation_mse=1.30247
    phase=5 step=40750 horizon=50 train_mse=1.33776 validation_mse=1.30233
    phase=5 step=41000 horizon=50 train_mse=1.28898 validation_mse=1.3017
    phase=5 step=41250 horizon=50 train_mse=1.3132 validation_mse=1.30134
    phase=5 step=41500 horizon=50 train_mse=1.29064 validation_mse=1.30107
    phase=5 step=41750 horizon=50 train_mse=1.28741 validation_mse=1.30071
    phase=5 step=42000 horizon=50 train_mse=1.35316 validation_mse=1.30062
    phase=5 step=42250 horizon=50 train_mse=1.3954 validation_mse=1.30019
    phase=5 step=42500 horizon=50 train_mse=1.27422 validation_mse=1.29969
    phase=5 step=42750 horizon=50 train_mse=1.35203 validation_mse=1.29978
    phase=5 step=43000 horizon=50 train_mse=1.31329 validation_mse=1.29917
    phase=5 step=43250 horizon=50 train_mse=1.34856 validation_mse=1.2988
    phase=5 step=43500 horizon=50 train_mse=1.31346 validation_mse=1.29833
    phase=5 step=43750 horizon=50 train_mse=1.29377 validation_mse=1.29839
    phase=5 step=44000 horizon=50 train_mse=1.349 validation_mse=1.298
    phase=5 step=44250 horizon=50 train_mse=1.30905 validation_mse=1.29785
    phase=5 step=44500 horizon=50 train_mse=1.30625 validation_mse=1.29727
    phase=5 step=44750 horizon=50 train_mse=1.36079 validation_mse=1.29703
    phase=5 step=45000 horizon=50 train_mse=1.33186 validation_mse=1.29768
    phase=5 step=45250 horizon=50 train_mse=1.33019 validation_mse=1.29693
    phase=5 step=45500 horizon=50 train_mse=1.2618 validation_mse=1.2967
    phase=5 step=45750 horizon=50 train_mse=1.34862 validation_mse=1.29616
    phase=5 step=46000 horizon=50 train_mse=1.40328 validation_mse=1.29623
    phase=5 step=46250 horizon=50 train_mse=1.30989 validation_mse=1.29568
    phase=5 step=46500 horizon=50 train_mse=1.33722 validation_mse=1.29633
    phase=5 step=46750 horizon=50 train_mse=1.32507 validation_mse=1.29519
    phase=5 step=47000 horizon=50 train_mse=1.29582 validation_mse=1.29499
    phase=5 step=47250 horizon=50 train_mse=1.302 validation_mse=1.29531
    phase=5 step=47500 horizon=50 train_mse=1.42295 validation_mse=1.29455
    phase=5 step=47750 horizon=50 train_mse=1.35421 validation_mse=1.29463
    phase=5 step=48000 horizon=50 train_mse=1.36103 validation_mse=1.2942
    phase=5 step=48250 horizon=50 train_mse=1.32094 validation_mse=1.29399
    phase=5 step=48500 horizon=50 train_mse=1.31315 validation_mse=1.29468
    phase=5 step=48750 horizon=50 train_mse=1.30549 validation_mse=1.29363
    phase=5 step=49000 horizon=50 train_mse=1.26778 validation_mse=1.29368
    phase=5 step=49250 horizon=50 train_mse=1.34988 validation_mse=1.29419
    phase=5 step=49500 horizon=50 train_mse=1.28323 validation_mse=1.29288
    phase=5 step=49750 horizon=50 train_mse=1.31442 validation_mse=1.29355
    phase=5 step=50000 horizon=50 train_mse=1.33526 validation_mse=1.29249
    phase=5 step=50250 horizon=50 train_mse=1.29689 validation_mse=1.29281
    phase=5 step=50500 horizon=50 train_mse=1.30316 validation_mse=1.29214
    phase=5 step=50750 horizon=50 train_mse=1.36138 validation_mse=1.29195
    phase=5 step=51000 horizon=50 train_mse=1.31433 validation_mse=1.29195
    phase=5 step=51250 horizon=50 train_mse=1.34408 validation_mse=1.29186
    phase=5 step=51500 horizon=50 train_mse=1.31734 validation_mse=1.29141
    phase=5 step=51750 horizon=50 train_mse=1.33679 validation_mse=1.29118
    phase=5 step=52000 horizon=50 train_mse=1.2535 validation_mse=1.29131
    phase=5 step=52250 horizon=50 train_mse=1.31063 validation_mse=1.29105
    phase=5 step=52500 horizon=50 train_mse=1.34357 validation_mse=1.29073
    phase=5 step=52750 horizon=50 train_mse=1.36209 validation_mse=1.29042
    phase=5 step=53000 horizon=50 train_mse=1.23016 validation_mse=1.2903
    phase=5 step=53250 horizon=50 train_mse=1.37659 validation_mse=1.29033
    phase=5 step=53500 horizon=50 train_mse=1.33456 validation_mse=1.29025
    phase=5 step=53750 horizon=50 train_mse=1.30889 validation_mse=1.28991
    phase=5 step=54000 horizon=50 train_mse=1.35689 validation_mse=1.2902
    phase=5 step=54250 horizon=50 train_mse=1.30052 validation_mse=1.28946
    phase=5 step=54500 horizon=50 train_mse=1.29032 validation_mse=1.28939
    phase=5 step=54750 horizon=50 train_mse=1.39381 validation_mse=1.28913
    phase=5 step=55000 horizon=50 train_mse=1.3232 validation_mse=1.2888
    phase=5 step=55250 horizon=50 train_mse=1.29502 validation_mse=1.28887
    phase=5 step=55500 horizon=50 train_mse=1.34727 validation_mse=1.28857
    phase=5 step=55750 horizon=50 train_mse=1.33767 validation_mse=1.28855
    phase=5 step=56000 horizon=50 train_mse=1.31822 validation_mse=1.28797
    phase=5 step=56250 horizon=50 train_mse=1.28727 validation_mse=1.28833
    phase=5 step=56500 horizon=50 train_mse=1.33376 validation_mse=1.28757
    phase=5 step=56750 horizon=50 train_mse=1.29681 validation_mse=1.28758
    phase=5 step=57000 horizon=50 train_mse=1.29063 validation_mse=1.28726
    phase=5 step=57250 horizon=50 train_mse=1.30954 validation_mse=1.28718
    phase=5 step=57500 horizon=50 train_mse=1.35361 validation_mse=1.28847
    phase=5 step=57750 horizon=50 train_mse=1.33747 validation_mse=1.28658
    phase=5 step=58000 horizon=50 train_mse=1.3427 validation_mse=1.28656
    phase=5 step=58250 horizon=50 train_mse=1.30198 validation_mse=1.28687
    phase=5 step=58500 horizon=50 train_mse=1.34776 validation_mse=1.28712
    phase=5 step=58750 horizon=50 train_mse=1.31102 validation_mse=1.28593
    phase=5 step=59000 horizon=50 train_mse=1.35657 validation_mse=1.28593
    phase=5 step=59250 horizon=50 train_mse=1.33172 validation_mse=1.28662
    phase=5 step=59500 horizon=50 train_mse=1.32946 validation_mse=1.28542
    phase=5 step=59750 horizon=50 train_mse=1.3333 validation_mse=1.28648
    phase=5 step=60000 horizon=50 train_mse=1.33087 validation_mse=1.28498
  test RMSE/(2pi)=18.0468% helio->latent R2=0.8078 latent->helio R2=0.8988

Aggregate solar results
reservoir    RMSE/(2pi)=4.5058% helio->latent R2=0.9792 latent->helio R2=0.9841
scinet       RMSE/(2pi)=18.0468% helio->latent R2=0.8078 latent->helio R2=0.8988
