Job ID: 98728
Host: orcaga01
Project: /home/milesc/bp-rez
Conda environment: bp-reservoir
PyTorch: 2.13.0+cu130
CUDA available: True
GPU: NVIDIA L40S
[reservoir] seed=0 device=cuda
    phase=1 step=250 horizon=20 train_mse=3.07717 validation_mse=3.13203
    phase=1 step=500 horizon=20 train_mse=1.29715 validation_mse=1.25957
    phase=1 step=750 horizon=20 train_mse=0.81385 validation_mse=0.80104
    phase=1 step=1000 horizon=20 train_mse=0.567611 validation_mse=0.585621
    phase=2 step=1250 horizon=20 train_mse=0.42447 validation_mse=0.432634
    phase=2 step=1500 horizon=20 train_mse=0.315593 validation_mse=0.323285
    phase=2 step=1750 horizon=20 train_mse=0.266533 validation_mse=0.247693
    phase=2 step=2000 horizon=20 train_mse=0.189621 validation_mse=0.202936
    phase=3 step=2250 horizon=50 train_mse=0.487746 validation_mse=0.504352
    phase=3 step=2500 horizon=50 train_mse=0.405231 validation_mse=0.423409
    phase=3 step=2750 horizon=50 train_mse=0.368973 validation_mse=0.368008
    phase=3 step=3000 horizon=50 train_mse=0.323641 validation_mse=0.322795
    phase=4 step=3250 horizon=50 train_mse=0.305895 validation_mse=0.318469
    phase=4 step=3500 horizon=50 train_mse=0.303586 validation_mse=0.313997
    phase=4 step=3750 horizon=50 train_mse=0.298448 validation_mse=0.309262
    phase=4 step=4000 horizon=50 train_mse=0.30029 validation_mse=0.304082
    phase=5 step=4250 horizon=50 train_mse=0.283364 validation_mse=0.29866
    phase=5 step=4500 horizon=50 train_mse=0.28305 validation_mse=0.293015
    phase=5 step=4750 horizon=50 train_mse=0.275401 validation_mse=0.286999
    phase=5 step=5000 horizon=50 train_mse=0.269781 validation_mse=0.280896
    phase=5 step=5250 horizon=50 train_mse=0.257092 validation_mse=0.274724
    phase=5 step=5500 horizon=50 train_mse=0.267175 validation_mse=0.26827
    phase=5 step=5750 horizon=50 train_mse=0.25403 validation_mse=0.262078
    phase=5 step=6000 horizon=50 train_mse=0.244266 validation_mse=0.255719
    phase=5 step=6250 horizon=50 train_mse=0.242036 validation_mse=0.249344
    phase=5 step=6500 horizon=50 train_mse=0.2311 validation_mse=0.243375
    phase=5 step=6750 horizon=50 train_mse=0.233253 validation_mse=0.237399
    phase=5 step=7000 horizon=50 train_mse=0.224234 validation_mse=0.23169
    phase=5 step=7250 horizon=50 train_mse=0.219707 validation_mse=0.226112
    phase=5 step=7500 horizon=50 train_mse=0.214617 validation_mse=0.220813
    phase=5 step=7750 horizon=50 train_mse=0.212226 validation_mse=0.215521
    phase=5 step=8000 horizon=50 train_mse=0.210032 validation_mse=0.210581
    phase=5 step=8250 horizon=50 train_mse=0.204827 validation_mse=0.205966
    phase=5 step=8500 horizon=50 train_mse=0.19421 validation_mse=0.201397
    phase=5 step=8750 horizon=50 train_mse=0.197675 validation_mse=0.197092
    phase=5 step=9000 horizon=50 train_mse=0.19053 validation_mse=0.193004
    phase=5 step=9250 horizon=50 train_mse=0.185734 validation_mse=0.189068
    phase=5 step=9500 horizon=50 train_mse=0.181702 validation_mse=0.185302
    phase=5 step=9750 horizon=50 train_mse=0.172845 validation_mse=0.181806
    phase=5 step=10000 horizon=50 train_mse=0.173826 validation_mse=0.178473
    phase=5 step=10250 horizon=50 train_mse=0.172124 validation_mse=0.175108
    phase=5 step=10500 horizon=50 train_mse=0.168914 validation_mse=0.171999
    phase=5 step=10750 horizon=50 train_mse=0.168474 validation_mse=0.168889
    phase=5 step=11000 horizon=50 train_mse=0.159591 validation_mse=0.165961
    phase=5 step=11250 horizon=50 train_mse=0.16223 validation_mse=0.163172
    phase=5 step=11500 horizon=50 train_mse=0.155201 validation_mse=0.160365
    phase=5 step=11750 horizon=50 train_mse=0.153998 validation_mse=0.157758
    phase=5 step=12000 horizon=50 train_mse=0.154685 validation_mse=0.155171
    phase=5 step=12250 horizon=50 train_mse=0.147715 validation_mse=0.15285
    phase=5 step=12500 horizon=50 train_mse=0.147026 validation_mse=0.150255
    phase=5 step=12750 horizon=50 train_mse=0.149292 validation_mse=0.148057
    phase=5 step=13000 horizon=50 train_mse=0.144688 validation_mse=0.145774
    phase=5 step=13250 horizon=50 train_mse=0.138491 validation_mse=0.143599
    phase=5 step=13500 horizon=50 train_mse=0.140345 validation_mse=0.141562
    phase=5 step=13750 horizon=50 train_mse=0.136555 validation_mse=0.139563
    phase=5 step=14000 horizon=50 train_mse=0.134309 validation_mse=0.137557
    phase=5 step=14250 horizon=50 train_mse=0.129828 validation_mse=0.135665
    phase=5 step=14500 horizon=50 train_mse=0.132397 validation_mse=0.133762
    phase=5 step=14750 horizon=50 train_mse=0.131041 validation_mse=0.132048
    phase=5 step=15000 horizon=50 train_mse=0.126835 validation_mse=0.130362
  test RMSE/(2pi)=5.7163% helio->latent R2=0.9864 latent->helio R2=0.9876
[reservoir] seed=1 device=cuda
    phase=1 step=250 horizon=20 train_mse=3.23319 validation_mse=3.51333
    phase=1 step=500 horizon=20 train_mse=1.19572 validation_mse=1.27713
    phase=1 step=750 horizon=20 train_mse=0.955198 validation_mse=0.849161
    phase=1 step=1000 horizon=20 train_mse=0.64655 validation_mse=0.654369
    phase=2 step=1250 horizon=20 train_mse=0.4529 validation_mse=0.465873
    phase=2 step=1500 horizon=20 train_mse=0.338026 validation_mse=0.323195
    phase=2 step=1750 horizon=20 train_mse=0.247348 validation_mse=0.242237
    phase=2 step=2000 horizon=20 train_mse=0.194532 validation_mse=0.202787
    phase=3 step=2250 horizon=50 train_mse=0.474923 validation_mse=0.500026
    phase=3 step=2500 horizon=50 train_mse=0.42412 validation_mse=0.433598
    phase=3 step=2750 horizon=50 train_mse=0.390047 validation_mse=0.393701
    phase=3 step=3000 horizon=50 train_mse=0.326547 validation_mse=0.360139
    phase=4 step=3250 horizon=50 train_mse=0.347516 validation_mse=0.356952
    phase=4 step=3500 horizon=50 train_mse=0.349967 validation_mse=0.353535
    phase=4 step=3750 horizon=50 train_mse=0.344242 validation_mse=0.349754
    phase=4 step=4000 horizon=50 train_mse=0.337426 validation_mse=0.345632
    phase=5 step=4250 horizon=50 train_mse=0.322847 validation_mse=0.341199
    phase=5 step=4500 horizon=50 train_mse=0.333125 validation_mse=0.336459
    phase=5 step=4750 horizon=50 train_mse=0.320013 validation_mse=0.331512
    phase=5 step=5000 horizon=50 train_mse=0.321241 validation_mse=0.326035
    phase=5 step=5250 horizon=50 train_mse=0.307074 validation_mse=0.320438
    phase=5 step=5500 horizon=50 train_mse=0.302843 validation_mse=0.314524
    phase=5 step=5750 horizon=50 train_mse=0.289548 validation_mse=0.308309
    phase=5 step=6000 horizon=50 train_mse=0.297445 validation_mse=0.301862
    phase=5 step=6250 horizon=50 train_mse=0.2787 validation_mse=0.295255
    phase=5 step=6500 horizon=50 train_mse=0.276589 validation_mse=0.288503
    phase=5 step=6750 horizon=50 train_mse=0.272469 validation_mse=0.281594
    phase=5 step=7000 horizon=50 train_mse=0.271465 validation_mse=0.274481
    phase=5 step=7250 horizon=50 train_mse=0.264 validation_mse=0.267428
    phase=5 step=7500 horizon=50 train_mse=0.252117 validation_mse=0.260348
    phase=5 step=7750 horizon=50 train_mse=0.245615 validation_mse=0.253263
    phase=5 step=8000 horizon=50 train_mse=0.235281 validation_mse=0.246204
    phase=5 step=8250 horizon=50 train_mse=0.234508 validation_mse=0.239312
    phase=5 step=8500 horizon=50 train_mse=0.227122 validation_mse=0.232399
    phase=5 step=8750 horizon=50 train_mse=0.226098 validation_mse=0.225654
    phase=5 step=9000 horizon=50 train_mse=0.210917 validation_mse=0.219014
    phase=5 step=9250 horizon=50 train_mse=0.206643 validation_mse=0.212583
    phase=5 step=9500 horizon=50 train_mse=0.204013 validation_mse=0.206248
    phase=5 step=9750 horizon=50 train_mse=0.197689 validation_mse=0.20021
    phase=5 step=10000 horizon=50 train_mse=0.185727 validation_mse=0.19434
    phase=5 step=10250 horizon=50 train_mse=0.181026 validation_mse=0.188812
    phase=5 step=10500 horizon=50 train_mse=0.181628 validation_mse=0.183406
    phase=5 step=10750 horizon=50 train_mse=0.169173 validation_mse=0.178294
    phase=5 step=11000 horizon=50 train_mse=0.169807 validation_mse=0.173513
    phase=5 step=11250 horizon=50 train_mse=0.164079 validation_mse=0.168861
    phase=5 step=11500 horizon=50 train_mse=0.162448 validation_mse=0.164592
    phase=5 step=11750 horizon=50 train_mse=0.159977 validation_mse=0.160305
    phase=5 step=12000 horizon=50 train_mse=0.154317 validation_mse=0.156379
    phase=5 step=12250 horizon=50 train_mse=0.150372 validation_mse=0.152798
    phase=5 step=12500 horizon=50 train_mse=0.148982 validation_mse=0.149225
    phase=5 step=12750 horizon=50 train_mse=0.143943 validation_mse=0.145973
    phase=5 step=13000 horizon=50 train_mse=0.143844 validation_mse=0.142994
    phase=5 step=13250 horizon=50 train_mse=0.139638 validation_mse=0.140167
    phase=5 step=13500 horizon=50 train_mse=0.134491 validation_mse=0.137487
    phase=5 step=13750 horizon=50 train_mse=0.131977 validation_mse=0.134978
    phase=5 step=14000 horizon=50 train_mse=0.131071 validation_mse=0.1327
    phase=5 step=14250 horizon=50 train_mse=0.131011 validation_mse=0.130498
    phase=5 step=14500 horizon=50 train_mse=0.128693 validation_mse=0.128515
    phase=5 step=14750 horizon=50 train_mse=0.125904 validation_mse=0.126607
    phase=5 step=15000 horizon=50 train_mse=0.123277 validation_mse=0.124856
  test RMSE/(2pi)=5.6022% helio->latent R2=0.9845 latent->helio R2=0.9862
[reservoir] seed=2 device=cuda
    phase=1 step=250 horizon=20 train_mse=6.93658 validation_mse=6.75298
    phase=1 step=500 horizon=20 train_mse=2.11749 validation_mse=2.18309
    phase=1 step=750 horizon=20 train_mse=1.10848 validation_mse=1.14445
    phase=1 step=1000 horizon=20 train_mse=0.791854 validation_mse=0.771572
    phase=2 step=1250 horizon=20 train_mse=0.52062 validation_mse=0.544417
    phase=2 step=1500 horizon=20 train_mse=0.384498 validation_mse=0.404371
    phase=2 step=1750 horizon=20 train_mse=0.319895 validation_mse=0.317455
    phase=2 step=2000 horizon=20 train_mse=0.246823 validation_mse=0.257726
    phase=3 step=2250 horizon=50 train_mse=0.586996 validation_mse=0.60587
    phase=3 step=2500 horizon=50 train_mse=0.471768 validation_mse=0.495147
    phase=3 step=2750 horizon=50 train_mse=0.42495 validation_mse=0.424298
    phase=3 step=3000 horizon=50 train_mse=0.371801 validation_mse=0.37072
    phase=4 step=3250 horizon=50 train_mse=0.352798 validation_mse=0.366284
    phase=4 step=3500 horizon=50 train_mse=0.344252 validation_mse=0.361169
    phase=4 step=3750 horizon=50 train_mse=0.336587 validation_mse=0.355675
    phase=4 step=4000 horizon=50 train_mse=0.337296 validation_mse=0.34986
    phase=5 step=4250 horizon=50 train_mse=0.33878 validation_mse=0.343697
    phase=5 step=4500 horizon=50 train_mse=0.329754 validation_mse=0.337256
    phase=5 step=4750 horizon=50 train_mse=0.320199 validation_mse=0.330493
    phase=5 step=5000 horizon=50 train_mse=0.305046 validation_mse=0.323453
    phase=5 step=5250 horizon=50 train_mse=0.306609 validation_mse=0.316156
    phase=5 step=5500 horizon=50 train_mse=0.297495 validation_mse=0.308651
    phase=5 step=5750 horizon=50 train_mse=0.288746 validation_mse=0.301058
    phase=5 step=6000 horizon=50 train_mse=0.283358 validation_mse=0.293347
    phase=5 step=6250 horizon=50 train_mse=0.282674 validation_mse=0.285665
    phase=5 step=6500 horizon=50 train_mse=0.277018 validation_mse=0.278039
    phase=5 step=6750 horizon=50 train_mse=0.25198 validation_mse=0.270285
    phase=5 step=7000 horizon=50 train_mse=0.26048 validation_mse=0.262758
    phase=5 step=7250 horizon=50 train_mse=0.243875 validation_mse=0.255453
    phase=5 step=7500 horizon=50 train_mse=0.240036 validation_mse=0.248395
    phase=5 step=7750 horizon=50 train_mse=0.22975 validation_mse=0.241427
    phase=5 step=8000 horizon=50 train_mse=0.236408 validation_mse=0.234716
    phase=5 step=8250 horizon=50 train_mse=0.228155 validation_mse=0.22838
    phase=5 step=8500 horizon=50 train_mse=0.218828 validation_mse=0.222274
    phase=5 step=8750 horizon=50 train_mse=0.211718 validation_mse=0.216557
    phase=5 step=9000 horizon=50 train_mse=0.205076 validation_mse=0.211127
    phase=5 step=9250 horizon=50 train_mse=0.199901 validation_mse=0.205926
    phase=5 step=9500 horizon=50 train_mse=0.199448 validation_mse=0.200974
    phase=5 step=9750 horizon=50 train_mse=0.193855 validation_mse=0.196397
    phase=5 step=10000 horizon=50 train_mse=0.188028 validation_mse=0.191969
    phase=5 step=10250 horizon=50 train_mse=0.184747 validation_mse=0.187898
    phase=5 step=10500 horizon=50 train_mse=0.180936 validation_mse=0.18381
    phase=5 step=10750 horizon=50 train_mse=0.1766 validation_mse=0.180076
    phase=5 step=11000 horizon=50 train_mse=0.174432 validation_mse=0.17645
    phase=5 step=11250 horizon=50 train_mse=0.16964 validation_mse=0.173022
    phase=5 step=11500 horizon=50 train_mse=0.164887 validation_mse=0.169698
    phase=5 step=11750 horizon=50 train_mse=0.161184 validation_mse=0.166653
    phase=5 step=12000 horizon=50 train_mse=0.160721 validation_mse=0.163626
    phase=5 step=12250 horizon=50 train_mse=0.15892 validation_mse=0.160754
    phase=5 step=12500 horizon=50 train_mse=0.155638 validation_mse=0.157989
    phase=5 step=12750 horizon=50 train_mse=0.15439 validation_mse=0.155404
    phase=5 step=13000 horizon=50 train_mse=0.150764 validation_mse=0.152896
    phase=5 step=13250 horizon=50 train_mse=0.15045 validation_mse=0.150404
    phase=5 step=13500 horizon=50 train_mse=0.145869 validation_mse=0.148012
    phase=5 step=13750 horizon=50 train_mse=0.142313 validation_mse=0.14568
    phase=5 step=14000 horizon=50 train_mse=0.140653 validation_mse=0.143486
    phase=5 step=14250 horizon=50 train_mse=0.13838 validation_mse=0.141386
    phase=5 step=14500 horizon=50 train_mse=0.139799 validation_mse=0.139403
    phase=5 step=14750 horizon=50 train_mse=0.133953 validation_mse=0.137391
    phase=5 step=15000 horizon=50 train_mse=0.134249 validation_mse=0.135495
  test RMSE/(2pi)=5.8178% helio->latent R2=0.9857 latent->helio R2=0.9864
[reservoir] seed=3 device=cuda
    phase=1 step=250 horizon=20 train_mse=4.28724 validation_mse=4.40142
    phase=1 step=500 horizon=20 train_mse=1.69299 validation_mse=1.84592
    phase=1 step=750 horizon=20 train_mse=1.003 validation_mse=1.02583
    phase=1 step=1000 horizon=20 train_mse=0.796479 validation_mse=0.815968
    phase=2 step=1250 horizon=20 train_mse=0.619525 validation_mse=0.647027
    phase=2 step=1500 horizon=20 train_mse=0.482931 validation_mse=0.479472
    phase=2 step=1750 horizon=20 train_mse=0.305549 validation_mse=0.329961
    phase=2 step=2000 horizon=20 train_mse=0.219183 validation_mse=0.230281
    phase=3 step=2250 horizon=50 train_mse=0.503867 validation_mse=0.543253
    phase=3 step=2500 horizon=50 train_mse=0.432955 validation_mse=0.437833
    phase=3 step=2750 horizon=50 train_mse=0.364059 validation_mse=0.38327
    phase=3 step=3000 horizon=50 train_mse=0.318984 validation_mse=0.34603
    phase=4 step=3250 horizon=50 train_mse=0.334128 validation_mse=0.342833
    phase=4 step=3500 horizon=50 train_mse=0.329657 validation_mse=0.339269
    phase=4 step=3750 horizon=50 train_mse=0.31931 validation_mse=0.33547
    phase=4 step=4000 horizon=50 train_mse=0.315633 validation_mse=0.331364
    phase=5 step=4250 horizon=50 train_mse=0.315488 validation_mse=0.327064
    phase=5 step=4500 horizon=50 train_mse=0.294888 validation_mse=0.322418
    phase=5 step=4750 horizon=50 train_mse=0.300811 validation_mse=0.317527
    phase=5 step=5000 horizon=50 train_mse=0.312483 validation_mse=0.312446
    phase=5 step=5250 horizon=50 train_mse=0.304178 validation_mse=0.307015
    phase=5 step=5500 horizon=50 train_mse=0.29544 validation_mse=0.301594
    phase=5 step=5750 horizon=50 train_mse=0.281953 validation_mse=0.295754
    phase=5 step=6000 horizon=50 train_mse=0.28577 validation_mse=0.289959
    phase=5 step=6250 horizon=50 train_mse=0.26997 validation_mse=0.28397
    phase=5 step=6500 horizon=50 train_mse=0.274595 validation_mse=0.277761
    phase=5 step=6750 horizon=50 train_mse=0.269473 validation_mse=0.271614
    phase=5 step=7000 horizon=50 train_mse=0.25337 validation_mse=0.265467
    phase=5 step=7250 horizon=50 train_mse=0.247664 validation_mse=0.259199
    phase=5 step=7500 horizon=50 train_mse=0.235051 validation_mse=0.253054
    phase=5 step=7750 horizon=50 train_mse=0.237592 validation_mse=0.247044
    phase=5 step=8000 horizon=50 train_mse=0.229811 validation_mse=0.240846
    phase=5 step=8250 horizon=50 train_mse=0.231672 validation_mse=0.235021
    phase=5 step=8500 horizon=50 train_mse=0.22585 validation_mse=0.229092
    phase=5 step=8750 horizon=50 train_mse=0.213449 validation_mse=0.223518
    phase=5 step=9000 horizon=50 train_mse=0.214626 validation_mse=0.217982
    phase=5 step=9250 horizon=50 train_mse=0.20682 validation_mse=0.212795
    phase=5 step=9500 horizon=50 train_mse=0.20105 validation_mse=0.207585
    phase=5 step=9750 horizon=50 train_mse=0.192914 validation_mse=0.202644
    phase=5 step=10000 horizon=50 train_mse=0.191939 validation_mse=0.197993
    phase=5 step=10250 horizon=50 train_mse=0.186059 validation_mse=0.193428
    phase=5 step=10500 horizon=50 train_mse=0.187874 validation_mse=0.189115
    phase=5 step=10750 horizon=50 train_mse=0.183866 validation_mse=0.185014
    phase=5 step=11000 horizon=50 train_mse=0.176602 validation_mse=0.180992
    phase=5 step=11250 horizon=50 train_mse=0.17085 validation_mse=0.177183
    phase=5 step=11500 horizon=50 train_mse=0.171774 validation_mse=0.173517
    phase=5 step=11750 horizon=50 train_mse=0.163932 validation_mse=0.170053
    phase=5 step=12000 horizon=50 train_mse=0.165573 validation_mse=0.166815
    phase=5 step=12250 horizon=50 train_mse=0.161657 validation_mse=0.163606
    phase=5 step=12500 horizon=50 train_mse=0.158107 validation_mse=0.160665
    phase=5 step=12750 horizon=50 train_mse=0.153872 validation_mse=0.157747
    phase=5 step=13000 horizon=50 train_mse=0.149669 validation_mse=0.154998
    phase=5 step=13250 horizon=50 train_mse=0.147896 validation_mse=0.152356
    phase=5 step=13500 horizon=50 train_mse=0.148775 validation_mse=0.149899
    phase=5 step=13750 horizon=50 train_mse=0.142772 validation_mse=0.147506
    phase=5 step=14000 horizon=50 train_mse=0.142548 validation_mse=0.145257
    phase=5 step=14250 horizon=50 train_mse=0.140167 validation_mse=0.143106
    phase=5 step=14500 horizon=50 train_mse=0.138657 validation_mse=0.141016
    phase=5 step=14750 horizon=50 train_mse=0.139671 validation_mse=0.139114
    phase=5 step=15000 horizon=50 train_mse=0.13452 validation_mse=0.137301
  test RMSE/(2pi)=5.8743% helio->latent R2=0.9832 latent->helio R2=0.9868
[reservoir] seed=4 device=cuda
    phase=1 step=250 horizon=20 train_mse=5.41324 validation_mse=5.09016
    phase=1 step=500 horizon=20 train_mse=2.14234 validation_mse=2.10021
    phase=1 step=750 horizon=20 train_mse=1.10984 validation_mse=1.14711
    phase=1 step=1000 horizon=20 train_mse=0.93583 validation_mse=0.931843
    phase=2 step=1250 horizon=20 train_mse=0.764622 validation_mse=0.760639
    phase=2 step=1500 horizon=20 train_mse=0.57557 validation_mse=0.605657
    phase=2 step=1750 horizon=20 train_mse=0.454913 validation_mse=0.4789
    phase=2 step=2000 horizon=20 train_mse=0.379555 validation_mse=0.374084
    phase=3 step=2250 horizon=50 train_mse=0.54266 validation_mse=0.591785
    phase=3 step=2500 horizon=50 train_mse=0.457607 validation_mse=0.471949
    phase=3 step=2750 horizon=50 train_mse=0.383685 validation_mse=0.398068
    phase=3 step=3000 horizon=50 train_mse=0.342764 validation_mse=0.345348
    phase=4 step=3250 horizon=50 train_mse=0.336004 validation_mse=0.340748
    phase=4 step=3500 horizon=50 train_mse=0.330116 validation_mse=0.335947
    phase=4 step=3750 horizon=50 train_mse=0.313506 validation_mse=0.330792
    phase=4 step=4000 horizon=50 train_mse=0.303069 validation_mse=0.325248
    phase=5 step=4250 horizon=50 train_mse=0.315525 validation_mse=0.319624
    phase=5 step=4500 horizon=50 train_mse=0.302251 validation_mse=0.313564
    phase=5 step=4750 horizon=50 train_mse=0.288173 validation_mse=0.307496
    phase=5 step=5000 horizon=50 train_mse=0.290719 validation_mse=0.301118
    phase=5 step=5250 horizon=50 train_mse=0.290836 validation_mse=0.294834
    phase=5 step=5500 horizon=50 train_mse=0.282465 validation_mse=0.288166
    phase=5 step=5750 horizon=50 train_mse=0.267161 validation_mse=0.281692
    phase=5 step=6000 horizon=50 train_mse=0.261995 validation_mse=0.275136
    phase=5 step=6250 horizon=50 train_mse=0.254986 validation_mse=0.268743
    phase=5 step=6500 horizon=50 train_mse=0.249469 validation_mse=0.262373
    phase=5 step=6750 horizon=50 train_mse=0.24493 validation_mse=0.256046
    phase=5 step=7000 horizon=50 train_mse=0.252472 validation_mse=0.24994
    phase=5 step=7250 horizon=50 train_mse=0.240077 validation_mse=0.243996
    phase=5 step=7500 horizon=50 train_mse=0.2302 validation_mse=0.238268
    phase=5 step=7750 horizon=50 train_mse=0.230493 validation_mse=0.232855
    phase=5 step=8000 horizon=50 train_mse=0.22143 validation_mse=0.227409
    phase=5 step=8250 horizon=50 train_mse=0.217788 validation_mse=0.222138
    phase=5 step=8500 horizon=50 train_mse=0.212616 validation_mse=0.217317
    phase=5 step=8750 horizon=50 train_mse=0.200096 validation_mse=0.212287
    phase=5 step=9000 horizon=50 train_mse=0.199701 validation_mse=0.207726
    phase=5 step=9250 horizon=50 train_mse=0.199429 validation_mse=0.203201
    phase=5 step=9500 horizon=50 train_mse=0.197065 validation_mse=0.198928
    phase=5 step=9750 horizon=50 train_mse=0.191554 validation_mse=0.194778
    phase=5 step=10000 horizon=50 train_mse=0.194487 validation_mse=0.190774
    phase=5 step=10250 horizon=50 train_mse=0.187253 validation_mse=0.18698
    phase=5 step=10500 horizon=50 train_mse=0.183107 validation_mse=0.18345
    phase=5 step=10750 horizon=50 train_mse=0.179809 validation_mse=0.179856
    phase=5 step=11000 horizon=50 train_mse=0.173353 validation_mse=0.176499
    phase=5 step=11250 horizon=50 train_mse=0.171442 validation_mse=0.17314
    phase=5 step=11500 horizon=50 train_mse=0.165394 validation_mse=0.170002
    phase=5 step=11750 horizon=50 train_mse=0.166309 validation_mse=0.166876
    phase=5 step=12000 horizon=50 train_mse=0.160402 validation_mse=0.163902
    phase=5 step=12250 horizon=50 train_mse=0.156783 validation_mse=0.161084
    phase=5 step=12500 horizon=50 train_mse=0.155657 validation_mse=0.158316
    phase=5 step=12750 horizon=50 train_mse=0.15466 validation_mse=0.155888
    phase=5 step=13000 horizon=50 train_mse=0.148816 validation_mse=0.153142
    phase=5 step=13250 horizon=50 train_mse=0.14909 validation_mse=0.150719
    phase=5 step=13500 horizon=50 train_mse=0.147766 validation_mse=0.148314
    phase=5 step=13750 horizon=50 train_mse=0.146334 validation_mse=0.145967
    phase=5 step=14000 horizon=50 train_mse=0.144229 validation_mse=0.143807
    phase=5 step=14250 horizon=50 train_mse=0.143591 validation_mse=0.141571
    phase=5 step=14500 horizon=50 train_mse=0.138141 validation_mse=0.139528
    phase=5 step=14750 horizon=50 train_mse=0.131817 validation_mse=0.137552
    phase=5 step=15000 horizon=50 train_mse=0.135407 validation_mse=0.135583
  test RMSE/(2pi)=5.8383% helio->latent R2=0.9836 latent->helio R2=0.9850
[scinet] seed=0 device=cuda
    phase=1 step=250 horizon=20 train_mse=3.54448 validation_mse=3.32364
    phase=1 step=500 horizon=20 train_mse=3.54699 validation_mse=3.31623
    phase=1 step=750 horizon=20 train_mse=3.47809 validation_mse=3.29591
    phase=1 step=1000 horizon=20 train_mse=3.32975 validation_mse=3.25073
    phase=2 step=1250 horizon=20 train_mse=3.19734 validation_mse=3.17578
    phase=2 step=1500 horizon=20 train_mse=3.13776 validation_mse=3.04779
    phase=2 step=1750 horizon=20 train_mse=3.06652 validation_mse=2.83486
    phase=2 step=2000 horizon=20 train_mse=2.68881 validation_mse=2.54161
    phase=3 step=2250 horizon=50 train_mse=2.72026 validation_mse=2.54015
    phase=3 step=2500 horizon=50 train_mse=2.62471 validation_mse=2.2944
    phase=3 step=2750 horizon=50 train_mse=2.42022 validation_mse=2.09425
    phase=3 step=3000 horizon=50 train_mse=2.2747 validation_mse=1.92441
    phase=4 step=3250 horizon=50 train_mse=1.97868 validation_mse=1.70873
    phase=4 step=3500 horizon=50 train_mse=1.92062 validation_mse=1.68967
    phase=4 step=3750 horizon=50 train_mse=1.83935 validation_mse=1.67335
    phase=4 step=4000 horizon=50 train_mse=1.84831 validation_mse=1.65787
    phase=5 step=4250 horizon=50 train_mse=1.73876 validation_mse=1.60487
    phase=5 step=4500 horizon=50 train_mse=1.69532 validation_mse=1.56875
    phase=5 step=4750 horizon=50 train_mse=1.67071 validation_mse=1.54006
    phase=5 step=5000 horizon=50 train_mse=1.62774 validation_mse=1.51593
    phase=5 step=5250 horizon=50 train_mse=1.62882 validation_mse=1.49674
    phase=5 step=5500 horizon=50 train_mse=1.6331 validation_mse=1.47995
    phase=5 step=5750 horizon=50 train_mse=1.52449 validation_mse=1.46661
    phase=5 step=6000 horizon=50 train_mse=1.54343 validation_mse=1.45389
    phase=5 step=6250 horizon=50 train_mse=1.57842 validation_mse=1.44406
    phase=5 step=6500 horizon=50 train_mse=1.49241 validation_mse=1.43496
    phase=5 step=6750 horizon=50 train_mse=1.50574 validation_mse=1.42709
    phase=5 step=7000 horizon=50 train_mse=1.56294 validation_mse=1.42052
    phase=5 step=7250 horizon=50 train_mse=1.53428 validation_mse=1.41418
    phase=5 step=7500 horizon=50 train_mse=1.53406 validation_mse=1.4086
    phase=5 step=7750 horizon=50 train_mse=1.54184 validation_mse=1.40343
    phase=5 step=8000 horizon=50 train_mse=1.5765 validation_mse=1.39809
    phase=5 step=8250 horizon=50 train_mse=1.53454 validation_mse=1.39317
    phase=5 step=8500 horizon=50 train_mse=1.45038 validation_mse=1.38773
    phase=5 step=8750 horizon=50 train_mse=1.4584 validation_mse=1.38277
    phase=5 step=9000 horizon=50 train_mse=1.49062 validation_mse=1.3776
    phase=5 step=9250 horizon=50 train_mse=1.48066 validation_mse=1.37274
    phase=5 step=9500 horizon=50 train_mse=1.44827 validation_mse=1.36772
    phase=5 step=9750 horizon=50 train_mse=1.44384 validation_mse=1.36276
    phase=5 step=10000 horizon=50 train_mse=1.40956 validation_mse=1.357
    phase=5 step=10250 horizon=50 train_mse=1.45193 validation_mse=1.35168
    phase=5 step=10500 horizon=50 train_mse=1.42567 validation_mse=1.34595
    phase=5 step=10750 horizon=50 train_mse=1.46145 validation_mse=1.34021
    phase=5 step=11000 horizon=50 train_mse=1.348 validation_mse=1.33419
    phase=5 step=11250 horizon=50 train_mse=1.47292 validation_mse=1.32811
    phase=5 step=11500 horizon=50 train_mse=1.42315 validation_mse=1.32299
    phase=5 step=11750 horizon=50 train_mse=1.39995 validation_mse=1.3155
    phase=5 step=12000 horizon=50 train_mse=1.36113 validation_mse=1.30925
    phase=5 step=12250 horizon=50 train_mse=1.41331 validation_mse=1.30302
    phase=5 step=12500 horizon=50 train_mse=1.41892 validation_mse=1.29702
    phase=5 step=12750 horizon=50 train_mse=1.39423 validation_mse=1.29164
    phase=5 step=13000 horizon=50 train_mse=1.40314 validation_mse=1.28649
    phase=5 step=13250 horizon=50 train_mse=1.31196 validation_mse=1.28105
    phase=5 step=13500 horizon=50 train_mse=1.33862 validation_mse=1.27635
    phase=5 step=13750 horizon=50 train_mse=1.30371 validation_mse=1.27204
    phase=5 step=14000 horizon=50 train_mse=1.33012 validation_mse=1.26857
    phase=5 step=14250 horizon=50 train_mse=1.2955 validation_mse=1.26529
    phase=5 step=14500 horizon=50 train_mse=1.31738 validation_mse=1.26277
    phase=5 step=14750 horizon=50 train_mse=1.28856 validation_mse=1.25866
    phase=5 step=15000 horizon=50 train_mse=1.32874 validation_mse=1.25651
  test RMSE/(2pi)=17.8679% helio->latent R2=0.8108 latent->helio R2=0.8904
[scinet] seed=1 device=cuda
    phase=1 step=250 horizon=20 train_mse=3.35636 validation_mse=3.32884
    phase=1 step=500 horizon=20 train_mse=3.15968 validation_mse=3.32096
    phase=1 step=750 horizon=20 train_mse=3.55653 validation_mse=3.2985
    phase=1 step=1000 horizon=20 train_mse=3.1566 validation_mse=3.15596
    phase=2 step=1250 horizon=20 train_mse=2.36664 validation_mse=2.35058
    phase=2 step=1500 horizon=20 train_mse=1.84996 validation_mse=1.74561
    phase=2 step=1750 horizon=20 train_mse=1.57181 validation_mse=1.55613
    phase=2 step=2000 horizon=20 train_mse=1.60926 validation_mse=1.48116
    phase=3 step=2250 horizon=50 train_mse=1.5656 validation_mse=1.58424
    phase=3 step=2500 horizon=50 train_mse=1.59109 validation_mse=1.53705
    phase=3 step=2750 horizon=50 train_mse=1.59059 validation_mse=1.50336
    phase=3 step=3000 horizon=50 train_mse=1.54512 validation_mse=1.48631
    phase=4 step=3250 horizon=50 train_mse=1.54322 validation_mse=1.44925
    phase=4 step=3500 horizon=50 train_mse=1.56293 validation_mse=1.43674
    phase=4 step=3750 horizon=50 train_mse=1.43198 validation_mse=1.42867
    phase=4 step=4000 horizon=50 train_mse=1.49105 validation_mse=1.4233
    phase=5 step=4250 horizon=50 train_mse=1.41163 validation_mse=1.39848
    phase=5 step=4500 horizon=50 train_mse=1.37257 validation_mse=1.38397
    phase=5 step=4750 horizon=50 train_mse=1.34426 validation_mse=1.37471
    phase=5 step=5000 horizon=50 train_mse=1.38263 validation_mse=1.36777
    phase=5 step=5250 horizon=50 train_mse=1.40634 validation_mse=1.36242
    phase=5 step=5500 horizon=50 train_mse=1.37132 validation_mse=1.35691
    phase=5 step=5750 horizon=50 train_mse=1.37857 validation_mse=1.35224
    phase=5 step=6000 horizon=50 train_mse=1.42996 validation_mse=1.34747
    phase=5 step=6250 horizon=50 train_mse=1.34509 validation_mse=1.34269
    phase=5 step=6500 horizon=50 train_mse=1.29252 validation_mse=1.33832
    phase=5 step=6750 horizon=50 train_mse=1.33674 validation_mse=1.33482
    phase=5 step=7000 horizon=50 train_mse=1.32405 validation_mse=1.33022
    phase=5 step=7250 horizon=50 train_mse=1.39604 validation_mse=1.32659
    phase=5 step=7500 horizon=50 train_mse=1.36497 validation_mse=1.32297
    phase=5 step=7750 horizon=50 train_mse=1.35261 validation_mse=1.31966
    phase=5 step=8000 horizon=50 train_mse=1.31973 validation_mse=1.31651
    phase=5 step=8250 horizon=50 train_mse=1.38413 validation_mse=1.31342
    phase=5 step=8500 horizon=50 train_mse=1.37037 validation_mse=1.31042
    phase=5 step=8750 horizon=50 train_mse=1.32049 validation_mse=1.30768
    phase=5 step=9000 horizon=50 train_mse=1.33365 validation_mse=1.30512
    phase=5 step=9250 horizon=50 train_mse=1.32986 validation_mse=1.30275
    phase=5 step=9500 horizon=50 train_mse=1.31642 validation_mse=1.30044
    phase=5 step=9750 horizon=50 train_mse=1.30037 validation_mse=1.29808
    phase=5 step=10000 horizon=50 train_mse=1.25344 validation_mse=1.29744
    phase=5 step=10250 horizon=50 train_mse=1.34557 validation_mse=1.29411
    phase=5 step=10500 horizon=50 train_mse=1.28387 validation_mse=1.2923
    phase=5 step=10750 horizon=50 train_mse=1.29271 validation_mse=1.29028
    phase=5 step=11000 horizon=50 train_mse=1.25659 validation_mse=1.2883
    phase=5 step=11250 horizon=50 train_mse=1.31708 validation_mse=1.28664
    phase=5 step=11500 horizon=50 train_mse=1.27179 validation_mse=1.28469
    phase=5 step=11750 horizon=50 train_mse=1.30629 validation_mse=1.28407
    phase=5 step=12000 horizon=50 train_mse=1.26884 validation_mse=1.281
    phase=5 step=12250 horizon=50 train_mse=1.31192 validation_mse=1.27926
    phase=5 step=12500 horizon=50 train_mse=1.27454 validation_mse=1.27792
    phase=5 step=12750 horizon=50 train_mse=1.23627 validation_mse=1.27623
    phase=5 step=13000 horizon=50 train_mse=1.29004 validation_mse=1.27515
    phase=5 step=13250 horizon=50 train_mse=1.30235 validation_mse=1.27337
    phase=5 step=13500 horizon=50 train_mse=1.34237 validation_mse=1.27268
    phase=5 step=13750 horizon=50 train_mse=1.28763 validation_mse=1.27069
    phase=5 step=14000 horizon=50 train_mse=1.27509 validation_mse=1.26938
    phase=5 step=14250 horizon=50 train_mse=1.26139 validation_mse=1.26806
    phase=5 step=14500 horizon=50 train_mse=1.2726 validation_mse=1.26739
    phase=5 step=14750 horizon=50 train_mse=1.33908 validation_mse=1.26573
    phase=5 step=15000 horizon=50 train_mse=1.25085 validation_mse=1.26454
  test RMSE/(2pi)=17.9043% helio->latent R2=0.9292 latent->helio R2=0.9488
[scinet] seed=2 device=cuda
    phase=1 step=250 horizon=20 train_mse=3.35648 validation_mse=3.35519
    phase=1 step=500 horizon=20 train_mse=3.31641 validation_mse=3.31609
    phase=1 step=750 horizon=20 train_mse=3.3405 validation_mse=3.30646
    phase=1 step=1000 horizon=20 train_mse=3.25728 validation_mse=3.30006
    phase=2 step=1250 horizon=20 train_mse=3.31476 validation_mse=3.27932
    phase=2 step=1500 horizon=20 train_mse=3.1848 validation_mse=3.22408
    phase=2 step=1750 horizon=20 train_mse=3.08417 validation_mse=2.96671
    phase=2 step=2000 horizon=20 train_mse=2.04695 validation_mse=2.00093
    phase=3 step=2250 horizon=50 train_mse=1.80641 validation_mse=1.82978
    phase=3 step=2500 horizon=50 train_mse=1.6822 validation_mse=1.68078
    phase=3 step=2750 horizon=50 train_mse=1.66423 validation_mse=1.59685
    phase=3 step=3000 horizon=50 train_mse=1.60157 validation_mse=1.54137
    phase=4 step=3250 horizon=50 train_mse=1.54827 validation_mse=1.47409
    phase=4 step=3500 horizon=50 train_mse=1.43388 validation_mse=1.46857
    phase=4 step=3750 horizon=50 train_mse=1.47769 validation_mse=1.46504
    phase=4 step=4000 horizon=50 train_mse=1.44782 validation_mse=1.4619
    phase=5 step=4250 horizon=50 train_mse=1.45618 validation_mse=1.45073
    phase=5 step=4500 horizon=50 train_mse=1.44323 validation_mse=1.44084
    phase=5 step=4750 horizon=50 train_mse=1.37449 validation_mse=1.4333
    phase=5 step=5000 horizon=50 train_mse=1.41283 validation_mse=1.42743
    phase=5 step=5250 horizon=50 train_mse=1.4246 validation_mse=1.42296
    phase=5 step=5500 horizon=50 train_mse=1.37203 validation_mse=1.42002
    phase=5 step=5750 horizon=50 train_mse=1.44827 validation_mse=1.41655
    phase=5 step=6000 horizon=50 train_mse=1.43426 validation_mse=1.41428
    phase=5 step=6250 horizon=50 train_mse=1.43163 validation_mse=1.41211
    phase=5 step=6500 horizon=50 train_mse=1.47892 validation_mse=1.40996
    phase=5 step=6750 horizon=50 train_mse=1.3949 validation_mse=1.40836
    phase=5 step=7000 horizon=50 train_mse=1.39721 validation_mse=1.40652
    phase=5 step=7250 horizon=50 train_mse=1.37686 validation_mse=1.40476
    phase=5 step=7500 horizon=50 train_mse=1.36788 validation_mse=1.40347
    phase=5 step=7750 horizon=50 train_mse=1.41054 validation_mse=1.40174
    phase=5 step=8000 horizon=50 train_mse=1.49292 validation_mse=1.40018
    phase=5 step=8250 horizon=50 train_mse=1.39243 validation_mse=1.3992
    phase=5 step=8500 horizon=50 train_mse=1.42685 validation_mse=1.39798
    phase=5 step=8750 horizon=50 train_mse=1.39507 validation_mse=1.39648
    phase=5 step=9000 horizon=50 train_mse=1.36197 validation_mse=1.39533
    phase=5 step=9250 horizon=50 train_mse=1.40749 validation_mse=1.39521
    phase=5 step=9500 horizon=50 train_mse=1.37849 validation_mse=1.39303
    phase=5 step=9750 horizon=50 train_mse=1.42389 validation_mse=1.39187
    phase=5 step=10000 horizon=50 train_mse=1.42718 validation_mse=1.39043
    phase=5 step=10250 horizon=50 train_mse=1.47191 validation_mse=1.38999
    phase=5 step=10500 horizon=50 train_mse=1.40221 validation_mse=1.389
    phase=5 step=10750 horizon=50 train_mse=1.39605 validation_mse=1.38719
    phase=5 step=11000 horizon=50 train_mse=1.38718 validation_mse=1.3866
    phase=5 step=11250 horizon=50 train_mse=1.4867 validation_mse=1.38513
    phase=5 step=11500 horizon=50 train_mse=1.3969 validation_mse=1.38418
    phase=5 step=11750 horizon=50 train_mse=1.3227 validation_mse=1.38321
    phase=5 step=12000 horizon=50 train_mse=1.39204 validation_mse=1.38429
    phase=5 step=12250 horizon=50 train_mse=1.36304 validation_mse=1.38143
    phase=5 step=12500 horizon=50 train_mse=1.3592 validation_mse=1.38085
    phase=5 step=12750 horizon=50 train_mse=1.45449 validation_mse=1.38001
    phase=5 step=13000 horizon=50 train_mse=1.3724 validation_mse=1.3792
    phase=5 step=13250 horizon=50 train_mse=1.39901 validation_mse=1.37904
    phase=5 step=13500 horizon=50 train_mse=1.41073 validation_mse=1.37974
    phase=5 step=13750 horizon=50 train_mse=1.37637 validation_mse=1.37724
    phase=5 step=14000 horizon=50 train_mse=1.31691 validation_mse=1.37751
    phase=5 step=14250 horizon=50 train_mse=1.38466 validation_mse=1.37603
    phase=5 step=14500 horizon=50 train_mse=1.36007 validation_mse=1.37572
    phase=5 step=14750 horizon=50 train_mse=1.46992 validation_mse=1.37499
    phase=5 step=15000 horizon=50 train_mse=1.33675 validation_mse=1.37446
  test RMSE/(2pi)=18.6856% helio->latent R2=0.9190 latent->helio R2=0.9444
[scinet] seed=3 device=cuda
    phase=1 step=250 horizon=20 train_mse=3.13769 validation_mse=3.31533
    phase=1 step=500 horizon=20 train_mse=3.15266 validation_mse=3.25964
    phase=1 step=750 horizon=20 train_mse=2.65785 validation_mse=2.72082
    phase=1 step=1000 horizon=20 train_mse=1.81955 validation_mse=1.69553
    phase=2 step=1250 horizon=20 train_mse=1.57438 validation_mse=1.50444
    phase=2 step=1500 horizon=20 train_mse=1.451 validation_mse=1.43094
    phase=2 step=1750 horizon=20 train_mse=1.45502 validation_mse=1.39808
    phase=2 step=2000 horizon=20 train_mse=1.46935 validation_mse=1.36963
    phase=3 step=2250 horizon=50 train_mse=1.53495 validation_mse=1.48825
    phase=3 step=2500 horizon=50 train_mse=1.63303 validation_mse=1.45919
    phase=3 step=2750 horizon=50 train_mse=1.51733 validation_mse=1.44809
    phase=3 step=3000 horizon=50 train_mse=1.50311 validation_mse=1.44954
    phase=4 step=3250 horizon=50 train_mse=1.44403 validation_mse=1.40278
    phase=4 step=3500 horizon=50 train_mse=1.45722 validation_mse=1.38216
    phase=4 step=3750 horizon=50 train_mse=1.42065 validation_mse=1.36886
    phase=4 step=4000 horizon=50 train_mse=1.34898 validation_mse=1.35988
    phase=5 step=4250 horizon=50 train_mse=1.33821 validation_mse=1.32535
    phase=5 step=4500 horizon=50 train_mse=1.3244 validation_mse=1.30098
    phase=5 step=4750 horizon=50 train_mse=1.28449 validation_mse=1.28353
    phase=5 step=5000 horizon=50 train_mse=1.27964 validation_mse=1.26992
    phase=5 step=5250 horizon=50 train_mse=1.27348 validation_mse=1.25936
    phase=5 step=5500 horizon=50 train_mse=1.29389 validation_mse=1.25006
    phase=5 step=5750 horizon=50 train_mse=1.24965 validation_mse=1.24251
    phase=5 step=6000 horizon=50 train_mse=1.27219 validation_mse=1.23579
    phase=5 step=6250 horizon=50 train_mse=1.24271 validation_mse=1.23034
    phase=5 step=6500 horizon=50 train_mse=1.25519 validation_mse=1.22522
    phase=5 step=6750 horizon=50 train_mse=1.22642 validation_mse=1.22091
    phase=5 step=7000 horizon=50 train_mse=1.18683 validation_mse=1.21693
    phase=5 step=7250 horizon=50 train_mse=1.19272 validation_mse=1.21331
    phase=5 step=7500 horizon=50 train_mse=1.19436 validation_mse=1.21029
    phase=5 step=7750 horizon=50 train_mse=1.24575 validation_mse=1.20709
    phase=5 step=8000 horizon=50 train_mse=1.25183 validation_mse=1.20462
    phase=5 step=8250 horizon=50 train_mse=1.23354 validation_mse=1.2018
    phase=5 step=8500 horizon=50 train_mse=1.19812 validation_mse=1.19962
    phase=5 step=8750 horizon=50 train_mse=1.26045 validation_mse=1.19726
    phase=5 step=9000 horizon=50 train_mse=1.21127 validation_mse=1.19524
    phase=5 step=9250 horizon=50 train_mse=1.24599 validation_mse=1.19358
    phase=5 step=9500 horizon=50 train_mse=1.23502 validation_mse=1.19147
    phase=5 step=9750 horizon=50 train_mse=1.21583 validation_mse=1.1897
    phase=5 step=10000 horizon=50 train_mse=1.26192 validation_mse=1.18814
    phase=5 step=10250 horizon=50 train_mse=1.17861 validation_mse=1.18689
    phase=5 step=10500 horizon=50 train_mse=1.19412 validation_mse=1.18465
    phase=5 step=10750 horizon=50 train_mse=1.20562 validation_mse=1.18325
    phase=5 step=11000 horizon=50 train_mse=1.15593 validation_mse=1.18144
    phase=5 step=11250 horizon=50 train_mse=1.21452 validation_mse=1.18006
    phase=5 step=11500 horizon=50 train_mse=1.20609 validation_mse=1.17853
    phase=5 step=11750 horizon=50 train_mse=1.1802 validation_mse=1.17714
    phase=5 step=12000 horizon=50 train_mse=1.2359 validation_mse=1.17592
    phase=5 step=12250 horizon=50 train_mse=1.21679 validation_mse=1.17431
    phase=5 step=12500 horizon=50 train_mse=1.1922 validation_mse=1.17266
    phase=5 step=12750 horizon=50 train_mse=1.21328 validation_mse=1.17143
    phase=5 step=13000 horizon=50 train_mse=1.13129 validation_mse=1.16985
    phase=5 step=13250 horizon=50 train_mse=1.12547 validation_mse=1.16859
    phase=5 step=13500 horizon=50 train_mse=1.19048 validation_mse=1.16738
    phase=5 step=13750 horizon=50 train_mse=1.11313 validation_mse=1.16594
    phase=5 step=14000 horizon=50 train_mse=1.12181 validation_mse=1.16464
    phase=5 step=14250 horizon=50 train_mse=1.13296 validation_mse=1.1633
    phase=5 step=14500 horizon=50 train_mse=1.15919 validation_mse=1.16183
    phase=5 step=14750 horizon=50 train_mse=1.18505 validation_mse=1.16069
    phase=5 step=15000 horizon=50 train_mse=1.17637 validation_mse=1.1594
  test RMSE/(2pi)=17.1269% helio->latent R2=0.8275 latent->helio R2=0.9021
[scinet] seed=4 device=cuda
    phase=1 step=250 horizon=20 train_mse=3.20492 validation_mse=3.30956
    phase=1 step=500 horizon=20 train_mse=3.34305 validation_mse=3.29048
    phase=1 step=750 horizon=20 train_mse=3.24019 validation_mse=3.23298
    phase=1 step=1000 horizon=20 train_mse=3.28891 validation_mse=3.05827
    phase=2 step=1250 horizon=20 train_mse=2.81598 validation_mse=2.61054
    phase=2 step=1500 horizon=20 train_mse=2.26337 validation_mse=2.136
    phase=2 step=1750 horizon=20 train_mse=2.03919 validation_mse=1.89191
    phase=2 step=2000 horizon=20 train_mse=1.82773 validation_mse=1.74918
    phase=3 step=2250 horizon=50 train_mse=1.90271 validation_mse=1.8307
    phase=3 step=2500 horizon=50 train_mse=1.8716 validation_mse=1.73566
    phase=3 step=2750 horizon=50 train_mse=1.73056 validation_mse=1.65587
    phase=3 step=3000 horizon=50 train_mse=1.67115 validation_mse=1.59384
    phase=4 step=3250 horizon=50 train_mse=1.62114 validation_mse=1.55205
    phase=4 step=3500 horizon=50 train_mse=1.53445 validation_mse=1.53339
    phase=4 step=3750 horizon=50 train_mse=1.59766 validation_mse=1.51784
    phase=4 step=4000 horizon=50 train_mse=1.54148 validation_mse=1.50554
    phase=5 step=4250 horizon=50 train_mse=1.57072 validation_mse=1.47125
    phase=5 step=4500 horizon=50 train_mse=1.53328 validation_mse=1.44409
    phase=5 step=4750 horizon=50 train_mse=1.42748 validation_mse=1.42103
    phase=5 step=5000 horizon=50 train_mse=1.43222 validation_mse=1.40136
    phase=5 step=5250 horizon=50 train_mse=1.43453 validation_mse=1.38363
    phase=5 step=5500 horizon=50 train_mse=1.41848 validation_mse=1.36926
    phase=5 step=5750 horizon=50 train_mse=1.38097 validation_mse=1.35488
    phase=5 step=6000 horizon=50 train_mse=1.41003 validation_mse=1.34251
    phase=5 step=6250 horizon=50 train_mse=1.37933 validation_mse=1.33155
    phase=5 step=6500 horizon=50 train_mse=1.4146 validation_mse=1.32126
    phase=5 step=6750 horizon=50 train_mse=1.34147 validation_mse=1.31332
    phase=5 step=7000 horizon=50 train_mse=1.32533 validation_mse=1.30266
    phase=5 step=7250 horizon=50 train_mse=1.35147 validation_mse=1.29565
    phase=5 step=7500 horizon=50 train_mse=1.37688 validation_mse=1.28762
    phase=5 step=7750 horizon=50 train_mse=1.30071 validation_mse=1.2808
    phase=5 step=8000 horizon=50 train_mse=1.38317 validation_mse=1.27589
    phase=5 step=8250 horizon=50 train_mse=1.27473 validation_mse=1.27094
    phase=5 step=8500 horizon=50 train_mse=1.32668 validation_mse=1.26493
    phase=5 step=8750 horizon=50 train_mse=1.31693 validation_mse=1.26161
    phase=5 step=9000 horizon=50 train_mse=1.33727 validation_mse=1.25669
    phase=5 step=9250 horizon=50 train_mse=1.34615 validation_mse=1.25278
    phase=5 step=9500 horizon=50 train_mse=1.34756 validation_mse=1.24896
    phase=5 step=9750 horizon=50 train_mse=1.34425 validation_mse=1.2456
    phase=5 step=10000 horizon=50 train_mse=1.28347 validation_mse=1.24247
    phase=5 step=10250 horizon=50 train_mse=1.315 validation_mse=1.24036
    phase=5 step=10500 horizon=50 train_mse=1.32086 validation_mse=1.23811
    phase=5 step=10750 horizon=50 train_mse=1.27763 validation_mse=1.23531
    phase=5 step=11000 horizon=50 train_mse=1.28247 validation_mse=1.23337
    phase=5 step=11250 horizon=50 train_mse=1.24812 validation_mse=1.23155
    phase=5 step=11500 horizon=50 train_mse=1.26171 validation_mse=1.22977
    phase=5 step=11750 horizon=50 train_mse=1.22163 validation_mse=1.22836
    phase=5 step=12000 horizon=50 train_mse=1.24916 validation_mse=1.22693
    phase=5 step=12250 horizon=50 train_mse=1.25379 validation_mse=1.22582
    phase=5 step=12500 horizon=50 train_mse=1.2209 validation_mse=1.22514
    phase=5 step=12750 horizon=50 train_mse=1.33005 validation_mse=1.22275
    phase=5 step=13000 horizon=50 train_mse=1.2345 validation_mse=1.22172
    phase=5 step=13250 horizon=50 train_mse=1.31887 validation_mse=1.22046
    phase=5 step=13500 horizon=50 train_mse=1.28228 validation_mse=1.21977
    phase=5 step=13750 horizon=50 train_mse=1.28836 validation_mse=1.2186
    phase=5 step=14000 horizon=50 train_mse=1.28447 validation_mse=1.21837
    phase=5 step=14250 horizon=50 train_mse=1.32113 validation_mse=1.21677
    phase=5 step=14500 horizon=50 train_mse=1.28134 validation_mse=1.21783
    phase=5 step=14750 horizon=50 train_mse=1.30035 validation_mse=1.21519
    phase=5 step=15000 horizon=50 train_mse=1.27721 validation_mse=1.21425
  test RMSE/(2pi)=17.5272% helio->latent R2=0.7955 latent->helio R2=0.8818

Aggregate solar results
reservoir    RMSE/(2pi)=5.7698% helio->latent R2=0.9847 latent->helio R2=0.9864
scinet       RMSE/(2pi)=17.8224% helio->latent R2=0.8564 latent->helio R2=0.9135
